#
# There is insufficient memory for the Java Runtime Environment to continue.
# Native memory allocation (malloc) failed to allocate 81936 bytes for Chunk::new
# Possible reasons:
#   The system is out of physical RAM or swap space
#   In 32 bit mode, the process size limit was hit
# Possible solutions:
#   Reduce memory load on the system
#   Increase physical memory or swap space
#   Check if swap backing store is full
#   Use 64 bit Java on a 64 bit OS
#   Decrease Java heap size (-Xmx/-Xms)
#   Decrease number of Java threads
#   Decrease Java thread stack sizes (-Xss)
#   Set larger code cache with -XX:ReservedCodeCacheSize=
# This output file may be truncated or incomplete.
#
#  Out of Memory Error (allocation.cpp:390), pid=63376, tid=0x000000000000f2ac
#
# JRE version: OpenJDK Runtime Environment (8.0_76-b01) (build 1.8.0_76-release-b01)
# Java VM: OpenJDK 64-Bit Server VM (25.76-b01 mixed mode windows-amd64 compressed oops)
# Failed to write core dump. Minidumps are not enabled by default on client versions of Windows
#

---------------  T H R E A D  ---------------

Current thread (0x0000000007651800):  JavaThread "C2 CompilerThread1" daemon [_thread_in_native, id=62124, stack(0x00000000587b0000,0x00000000588b0000)]

Stack: [0x00000000587b0000,0x00000000588b0000]
[error occurred during error reporting (printing stack bounds), id 0xc0000005]

Native frames: (J=compiled Java code, j=interpreted, Vv=VM code, C=native code)


Current CompileTask:
C2:    528  646       4       com.android.dx.ssa.NormalSsaInsn::accept (25 bytes)


---------------  P R O C E S S  ---------------

Java Threads: ( => current thread )
  0x0000000058f13000 JavaThread "pool-1-thread-4" [_thread_blocked, id=64668, stack(0x0000000059d80000,0x0000000059e80000)]
  0x0000000058f14000 JavaThread "pool-1-thread-3" [_thread_blocked, id=59920, stack(0x0000000059b10000,0x0000000059c10000)]
  0x0000000058f12800 JavaThread "pool-1-thread-2" [_thread_blocked, id=56460, stack(0x0000000059a10000,0x0000000059b10000)]
  0x0000000059050000 JavaThread "pool-2-thread-1" [_thread_blocked, id=64716, stack(0x0000000059720000,0x0000000059820000)]
  0x000000005904f800 JavaThread "pool-1-thread-1" [_thread_in_Java, id=65472, stack(0x0000000059880000,0x0000000059980000)]
  0x0000000007694000 JavaThread "Service Thread" daemon [_thread_blocked, id=64492, stack(0x0000000058c80000,0x0000000058d80000)]
  0x0000000007655000 JavaThread "C1 CompilerThread3" daemon [_thread_blocked, id=65496, stack(0x0000000058ab0000,0x0000000058bb0000)]
  0x0000000007654800 JavaThread "C2 CompilerThread2" daemon [_thread_blocked, id=62728, stack(0x0000000058950000,0x0000000058a50000)]
=>0x0000000007651800 JavaThread "C2 CompilerThread1" daemon [_thread_in_native, id=62124, stack(0x00000000587b0000,0x00000000588b0000)]
  0x00000000075e9800 JavaThread "C2 CompilerThread0" daemon [_thread_blocked, id=55600, stack(0x0000000058610000,0x0000000058710000)]
  0x00000000075e8800 JavaThread "Attach Listener" daemon [_thread_blocked, id=64832, stack(0x00000000584c0000,0x00000000585c0000)]
  0x00000000075f6800 JavaThread "Signal Dispatcher" daemon [_thread_blocked, id=63236, stack(0x00000000582c0000,0x00000000583c0000)]
  0x000000000641a800 JavaThread "Finalizer" daemon [_thread_blocked, id=63028, stack(0x00000000581b0000,0x00000000582b0000)]
  0x00000000024df800 JavaThread "Reference Handler" daemon [_thread_blocked, id=54088, stack(0x0000000058040000,0x0000000058140000)]
  0x00000000023de000 JavaThread "main" [_thread_in_Java, id=56204, stack(0x0000000002620000,0x0000000002720000)]

Other Threads:
  0x00000000024dc000 VMThread [stack: 0x0000000057ed0000,0x0000000057fd0000] [id=63412]
  0x0000000007680000 WatcherThread [stack: 0x0000000058e10000,0x0000000058f10000] [id=61696]

VM state:not at safepoint (normal execution)

VM Mutex/Monitor currently owned by a thread: None

Heap:
 PSYoungGen      total 75776K, used 28627K [0x00000000eab00000, 0x00000000eff80000, 0x0000000100000000)
  eden space 65024K, 44% used [0x00000000eab00000,0x00000000ec6f4c98,0x00000000eea80000)
  from space 10752K, 0% used [0x00000000ef500000,0x00000000ef500000,0x00000000eff80000)
  to   space 10752K, 0% used [0x00000000eea80000,0x00000000eea80000,0x00000000ef500000)
 ParOldGen       total 173568K, used 0K [0x00000000c0000000, 0x00000000ca980000, 0x00000000eab00000)
  object space 173568K, 0% used [0x00000000c0000000,0x00000000c0000000,0x00000000ca980000)
 Metaspace       used 5594K, capacity 6576K, committed 6784K, reserved 1056768K
  class space    used 574K, capacity 616K, committed 640K, reserved 1048576K

Card table byte_map: [0x0000000002ae0000,0x0000000002cf0000] byte_map_base: 0x00000000024e0000

Marking Bits: (ParMarkBitMap*) 0x0000000008519d00
 Begin Bits: [0x0000000003830000, 0x0000000004830000)
 End Bits:   [0x0000000004830000, 0x0000000005830000)

Polling page: 0x0000000001c10000

CodeCache: size=245760Kb used=2545Kb max_used=2545Kb free=243214Kb
 bounds [0x00000000085a0000, 0x0000000008820000, 0x00000000175a0000]
 total_blobs=915 nmethods=645 adapters=184
 compilation: enabled

Compilation events (10 events):
Event: 0.504 Thread 0x0000000007655000  591       1       java.util.TreeMap::size (5 bytes)
Event: 0.504 Thread 0x0000000007655000 nmethod 591 0x000000000881e210 code [0x000000000881e360, 0x000000000881e470]
Event: 0.504 Thread 0x0000000007655000  618       1       com.android.dx.ssa.back.FirstFitLocalCombiningAllocator::access$200 (5 bytes)
Event: 0.504 Thread 0x0000000007655000 nmethod 618 0x000000000881e4d0 code [0x000000000881e620, 0x000000000881e710]
Event: 0.504 Thread 0x0000000007655000  583       1       com.android.dx.rop.code.RopMethod::getFirstLabel (5 bytes)
Event: 0.504 Thread 0x0000000007655000 nmethod 583 0x000000000881e790 code [0x000000000881e8e0, 0x000000000881e9f0]
Event: 0.504 Thread 0x0000000007655000  594       1       com.android.dx.ssa.SsaMethod::getEntryBlockIndex (5 bytes)
Event: 0.504 Thread 0x0000000007655000 nmethod 594 0x000000000881ea50 code [0x000000000881eba0, 0x000000000881ecb0]
Event: 0.504 Thread 0x0000000007655000  596       1       com.android.dx.ssa.SsaMethod::getParamWidth (5 bytes)
Event: 0.504 Thread 0x0000000007655000 nmethod 596 0x000000000881ed10 code [0x000000000881ee60, 0x000000000881ef70]

GC Heap History (0 events):
No events

Deoptimization events (3 events):
Event: 0.272 Thread 0x00000000023de000 Uncommon trap: reason=unstable_if action=reinterpret pc=0x00000000086f8608 method=java.lang.String.indexOf(II)I @ 49
Event: 0.446 Thread 0x0000000058f14000 Uncommon trap: reason=unstable_if action=reinterpret pc=0x00000000087bad3c method=java.util.HashMap.getNode(ILjava/lang/Object;)Ljava/util/HashMap$Node; @ 62
Event: 0.490 Thread 0x000000005904f800 Uncommon trap: reason=unstable_if action=reinterpret pc=0x00000000087c8e20 method=java.util.BitSet.nextSetBit(I)I @ 87

Internal exceptions (2 events):
Event: 0.033 Thread 0x00000000023de000 Exception <a 'java/lang/NoSuchMethodError': Method sun.misc.Unsafe.defineClass(Ljava/lang/String;[BII)Ljava/lang/Class; name or signature does not match> (0x00000000eab07cc0) thrown at [C:\src\android\AOSP-openjdk\external\jetbrains\jdk\hotspot\src\share\vZ—ÌÌð ?
Event: 0.033 Thread 0x00000000023de000 Exception <a 'java/lang/NoSuchMethodError': Method sun.misc.Unsafe.prefetchRead(Ljava/lang/Object;J)V name or signature does not match> (0x00000000eab07fa8) thrown at [C:\src\android\AOSP-openjdk\external\jetbrains\jdk\hotspot\src\share\vm\prims\jni.cpp, l

Events (10 events):
Event: 0.446 Thread 0x0000000058f14000 Uncommon trap: trap_request=0xffffff65 fr.pc=0x00000000087bad3c
Event: 0.446 Thread 0x0000000058f14000 DEOPT PACKING pc=0x00000000087bad3c sp=0x0000000059c0e660
Event: 0.446 Thread 0x0000000058f14000 DEOPT UNPACKING pc=0x00000000085e556a sp=0x0000000059c0e5d8 mode 2
Event: 0.447 loading class java/util/HashMap$Values
Event: 0.447 loading class java/util/HashMap$Values done
Event: 0.447 loading class java/util/HashMap$ValueIterator
Event: 0.447 loading class java/util/HashMap$ValueIterator done
Event: 0.490 Thread 0x000000005904f800 Uncommon trap: trap_request=0xffffff65 fr.pc=0x00000000087c8e20
Event: 0.490 Thread 0x000000005904f800 DEOPT PACKING pc=0x00000000087c8e20 sp=0x000000005997eeb0
Event: 0.490 Thread 0x000000005904f800 DEOPT UNPACKING pc=0x00000000085e556a sp=0x000000005997ee48 mode 2


Dynamic libraries:
0x000000013fd90000 - 0x000000013fdc5000 	D:\android-studio 2.2\jre\bin\java.exe
0x0000000077300000 - 0x00000000774a9000 	C:\Windows\SYSTEM32\ntdll.dll
0x00000000770e0000 - 0x00000000771ff000 	C:\Windows\system32\kernel32.dll
0x000007fefd360000 - 0x000007fefd3cc000 	C:\Windows\system32\KERNELBASE.dll
0x000007fefd470000 - 0x000007fefd54b000 	C:\Windows\system32\ADVAPI32.dll
0x000007feff060000 - 0x000007feff0ff000 	C:\Windows\system32\msvcrt.dll
0x000007feff570000 - 0x000007feff58f000 	C:\Windows\SYSTEM32\sechost.dll
0x000007feff260000 - 0x000007feff38d000 	C:\Windows\system32\RPCRT4.dll
0x0000000077200000 - 0x00000000772fa000 	C:\Windows\system32\USER32.dll
0x000007feff1f0000 - 0x000007feff257000 	C:\Windows\system32\GDI32.dll
0x000007fefdc30000 - 0x000007fefdc3e000 	C:\Windows\system32\LPK.dll
0x000007feff4a0000 - 0x000007feff569000 	C:\Windows\system32\USP10.dll
0x000007fefb700000 - 0x000007fefb8f4000 	C:\Windows\WinSxS\amd64_microsoft.windows.common-controls_6595b64144ccf1df_6.0.7601.18837_none_fa3b1e3d17594757\COMCTL32.dll
0x000007fefd550000 - 0x000007fefd5c1000 	C:\Windows\system32\SHLWAPI.dll
0x000007fefd630000 - 0x000007fefd65e000 	C:\Windows\system32\IMM32.DLL
0x000007feff390000 - 0x000007feff499000 	C:\Windows\system32\MSCTF.dll
0x0000000079130000 - 0x0000000079202000 	D:\android-studio 2.2\jre\jre\bin\msvcr100.dll
0x0000000007d60000 - 0x0000000008594000 	D:\android-studio 2.2\jre\jre\bin\server\jvm.dll
0x000007fef93d0000 - 0x000007fef93d9000 	C:\Windows\system32\WSOCK32.dll
0x000007feff1a0000 - 0x000007feff1ed000 	C:\Windows\system32\WS2_32.dll
0x000007fefda10000 - 0x000007fefda18000 	C:\Windows\system32\NSI.dll
0x000007fefaba0000 - 0x000007fefabdb000 	C:\Windows\system32\WINMM.dll
0x000007fefc1a0000 - 0x000007fefc1ac000 	C:\Windows\system32\VERSION.dll
0x00000000774d0000 - 0x00000000774d7000 	C:\Windows\system32\PSAPI.DLL
0x000007fefa000000 - 0x000007fefa00f000 	D:\android-studio 2.2\jre\jre\bin\verify.dll
0x000007feec110000 - 0x000007feec139000 	D:\android-studio 2.2\jre\jre\bin\java.dll
0x000007fef7cc0000 - 0x000007fef7cd6000 	D:\android-studio 2.2\jre\jre\bin\zip.dll
0x000007fefe230000 - 0x000007fefefb9000 	C:\Windows\system32\SHELL32.dll
0x000007fefda20000 - 0x000007fefdc23000 	C:\Windows\system32\ole32.dll
0x000007fefd0b0000 - 0x000007fefd0bf000 	C:\Windows\system32\profapi.dll

VM Arguments:
jvm_args: -Djava.awt.headless=true -Xmx1024M -Dfile.encoding=GBK -Duser.country=CN -Duser.language=zh -Duser.variant 
java_command: com.android.dx.command.Main --dex --num-threads=4 --output F:\github_project\UCTopic\app\build\intermediates\pre-dexed\debug\rxjava-1.1.5_74dd2eeb7003a467412f92d8accbdaab9a47a4fa.jar C:\Users\Administrator\.gradle\caches\modules-2\files-2.1\io.reactivex\rxjava\1.1.5\ece7b5d0870e66d8226dab6dcf47a2b12afff061\rxjava-1.1.5.jar
java_class_path (initial): D:\Android\sdk\build-tools\24.0.0-preview\lib\dx.jar
Launcher Type: SUN_STANDARD

Environment Variables:
JAVA_HOME=C:\Program Files\Java\jdk1.8.0_77
CLASSPATH=.;C:\Program Files\Java\jdk1.8.0_77\lib\dt.jar;C:\Program Files\Java\jdk1.8.0_77\lib\tools.jar;
PATH=C:\ProgramData\Oracle\Java\javapath;C:\Windows\system32;C:\Windows;C:\Windows\System32\Wbem;C:\Windows\System32\WindowsPowerShell\v1.0\;C:\Program Files\Java\jdk1.8.0_77\bin;D:\Android\sdk\platform-tools;D:\android-tools\apktool;C:\Python27;D:\android-tools\jadx\jadx-0.6.1-dev-build226\bin;C:\Program Files\Git\cmd;C:\Program Files\nodejs\;C:\Go\bin;C:\Python27\Scripts;C:\Users\Administrator\AppData\Roaming\npm
USERNAME=Administrator
OS=Windows_NT
PROCESSOR_IDENTIFIER=Intel64 Family 6 Model 60 Stepping 3, GenuineIntel



---------------  S Y S T E M  ---------------

OS: Windows 7 , 64 bit Build 7601 (6.1.7601.18939)

CPU:total 8 (4 cores per cpu, 2 threads per core) family 6 model 60 stepping 3, cmov, cx8, fxsr, mmx, sse, sse2, sse3, ssse3, sse4.1, sse4.2, popcnt, avx, avx2, aes, clmul, erms, rtm, lzcnt, ht, tsc, tscinvbit, bmi1, bmi2

Memory: 4k page, physical 16638836k(693916k free), swap 25029700k(5100k free)

vm_info: OpenJDK 64-Bit Server VM (25.76-b01) for windows-amd64 JRE (1.8.0_76-release-b01), built on May 12 2016 23:29:00 by "ralucas" with MS VC++ 10.0 (VS2010)

time: Fri Jun 03 18:40:41 2016
elapsed time: 0 seconds (0d 0h 0m 0s)

