#
# There is insufficient memory for the Java Runtime Environment to continue.
# Native memory allocation (malloc) failed to allocate 178416 bytes for Chunk::new
# Possible reasons:
#   The system is out of physical RAM or swap space
#   In 32 bit mode, the process size limit was hit
# Possible solutions:
#   Reduce memory load on the system
#   Increase physical memory or swap space
#   Check if swap backing store is full
#   Use 64 bit Java on a 64 bit OS
#   Decrease Java heap size (-Xmx/-Xms)
#   Decrease number of Java threads
#   Decrease Java thread stack sizes (-Xss)
#   Set larger code cache with -XX:ReservedCodeCacheSize=
# This output file may be truncated or incomplete.
#
#  Out of Memory Error (allocation.cpp:390), pid=64020, tid=0x000000000000fd38
#
# JRE version: OpenJDK Runtime Environment (8.0_76-b01) (build 1.8.0_76-release-b01)
# Java VM: OpenJDK 64-Bit Server VM (25.76-b01 mixed mode windows-amd64 compressed oops)
# Failed to write core dump. Minidumps are not enabled by default on client versions of Windows
#

---------------  T H R E A D  ---------------

Current thread (0x00000000076f5000):  JavaThread "C2 CompilerThread1" daemon [_thread_in_native, id=64824, stack(0x00000000588c0000,0x00000000589c0000)]

Stack: [0x00000000588c0000,0x00000000589c0000]
[error occurred during error reporting (printing stack bounds), id 0xc0000005]

Native frames: (J=compiled Java code, j=interpreted, Vv=VM code, C=native code)


Current CompileTask:
C2:    745  610       4       com.android.dx.ssa.SsaBasicBlock::forEachInsn (37 bytes)


---------------  P R O C E S S  ---------------

Java Threads: ( => current thread )
  0x00000000079ec000 JavaThread "pool-2-thread-1" [_thread_blocked, id=64324, stack(0x0000000059090000,0x0000000059190000)]
  0x00000000079eb800 JavaThread "pool-1-thread-1" [_thread_blocked, id=60008, stack(0x0000000058f10000,0x0000000059010000)]
  0x0000000007772000 JavaThread "Service Thread" daemon [_thread_blocked, id=64964, stack(0x0000000058600000,0x0000000058700000)]
  0x0000000007720800 JavaThread "C1 CompilerThread3" daemon [_thread_blocked, id=62376, stack(0x0000000058be0000,0x0000000058ce0000)]
  0x0000000007710000 JavaThread "C2 CompilerThread2" daemon [_thread_blocked, id=63900, stack(0x00000000589f0000,0x0000000058af0000)]
=>0x00000000076f5000 JavaThread "C2 CompilerThread1" daemon [_thread_in_native, id=64824, stack(0x00000000588c0000,0x00000000589c0000)]
  0x00000000076ca000 JavaThread "C2 CompilerThread0" daemon [_thread_blocked, id=64916, stack(0x0000000058770000,0x0000000058870000)]
  0x00000000076c8800 JavaThread "Attach Listener" daemon [_thread_blocked, id=63804, stack(0x0000000058500000,0x0000000058600000)]
  0x00000000076d6800 JavaThread "Signal Dispatcher" daemon [_thread_blocked, id=64840, stack(0x0000000058310000,0x0000000058410000)]
  0x000000000671b000 JavaThread "Finalizer" daemon [_thread_blocked, id=59880, stack(0x0000000057e30000,0x0000000057f30000)]
  0x00000000024ff800 JavaThread "Reference Handler" daemon [_thread_blocked, id=65404, stack(0x0000000058190000,0x0000000058290000)]
  0x00000000023fe000 JavaThread "main" [_thread_blocked, id=63596, stack(0x00000000026f0000,0x00000000027f0000)]

Other Threads:
  0x00000000024fc000 VMThread [stack: 0x0000000057fb0000,0x00000000580b0000] [id=62592]
  0x0000000007774800 WatcherThread [stack: 0x0000000058e00000,0x0000000058f00000] [id=63000]

VM state:not at safepoint (normal execution)

VM Mutex/Monitor currently owned by a thread: None

Heap:
 PSYoungGen      total 75776K, used 17168K [0x00000000eab00000, 0x00000000eff80000, 0x0000000100000000)
  eden space 65024K, 26% used [0x00000000eab00000,0x00000000ebbc4130,0x00000000eea80000)
  from space 10752K, 0% used [0x00000000ef500000,0x00000000ef500000,0x00000000eff80000)
  to   space 10752K, 0% used [0x00000000eea80000,0x00000000eea80000,0x00000000ef500000)
 ParOldGen       total 173568K, used 0K [0x00000000c0000000, 0x00000000ca980000, 0x00000000eab00000)
  object space 173568K, 0% used [0x00000000c0000000,0x00000000c0000000,0x00000000ca980000)
 Metaspace       used 5646K, capacity 6640K, committed 6784K, reserved 1056768K
  class space    used 579K, capacity 616K, committed 640K, reserved 1048576K

Card table byte_map: [0x0000000002bb0000,0x0000000002dc0000] byte_map_base: 0x00000000025b0000

Marking Bits: (ParMarkBitMap*) 0x0000000008519d00
 Begin Bits: [0x0000000003b30000, 0x0000000004b30000)
 End Bits:   [0x0000000004b30000, 0x0000000005b30000)

Polling page: 0x0000000000160000

CodeCache: size=245760Kb used=2597Kb max_used=2608Kb free=243163Kb
 bounds [0x00000000085a0000, 0x0000000008830000, 0x00000000175a0000]
 total_blobs=927 nmethods=657 adapters=184
 compilation: enabled

Compilation events (10 events):
Event: 0.716 Thread 0x0000000007720800  646       3       com.android.dx.cf.code.BaseMachine::setResult (27 bytes)
Event: 0.716 Thread 0x0000000007720800 nmethod 646 0x0000000008827c50 code [0x0000000008827de0, 0x0000000008828188]
Event: 0.716 Thread 0x0000000007720800  636       3       com.android.dx.rop.code.Insn$BaseVisitor::visitPlainInsn (1 bytes)
Event: 0.716 Thread 0x0000000007720800 nmethod 636 0x0000000008828310 code [0x0000000008828460, 0x00000000088285b0]
Event: 0.716 Thread 0x0000000007720800  637       3       com.android.dx.dex.code.RopTranslator$LocalVariableAwareTranslationVisitor::visitPlainInsn (11 bytes)
Event: 0.717 Thread 0x0000000007720800 nmethod 637 0x0000000008828650 code [0x0000000008828860, 0x0000000008829398]
Event: 0.717 Thread 0x0000000007720800  645       1       com.android.dx.rop.cst.CstLiteral32::hashCode (5 bytes)
Event: 0.717 Thread 0x0000000007720800 nmethod 645 0x0000000008829a50 code [0x0000000008829ba0, 0x0000000008829cb0]
Event: 0.719 Thread 0x0000000007710000  641       4       com.android.dx.rop.code.RegisterSpec::hashCodeOf (30 bytes)
Event: 0.722 Thread 0x0000000007710000 nmethod 641 0x000000000882cb90 code [0x000000000882cd00, 0x000000000882cf78]

GC Heap History (0 events):
No events

Deoptimization events (1 events):
Event: 0.635 Thread 0x00000000079eb800 Uncommon trap: reason=unstable_if action=reinterpret pc=0x000000000878a06c method=java.util.HashMap.getNode(ILjava/lang/Object;)Ljava/util/HashMap$Node; @ 62

Internal exceptions (2 events):
Event: 0.034 Thread 0x00000000023fe000 Exception <a 'java/lang/NoSuchMethodError': Method sun.misc.Unsafe.defineClass(Ljava/lang/String;[BII)Ljava/lang/Class; name or signature does not match> (0x00000000eab07cc0) thrown at [C:\src\android\AOSP-openjdk\external\jetbrains\jdk\hotspot\src\share\vøÇI×S;¡?
Event: 0.034 Thread 0x00000000023fe000 Exception <a 'java/lang/NoSuchMethodError': Method sun.misc.Unsafe.prefetchRead(Ljava/lang/Object;J)V name or signature does not match> (0x00000000eab07fa8) thrown at [C:\src\android\AOSP-openjdk\external\jetbrains\jdk\hotspot\src\share\vm\prims\jni.cpp, l

Events (10 events):
Event: 0.635 Thread 0x00000000079eb800 DEOPT PACKING pc=0x000000000878a06c sp=0x000000005900e530
Event: 0.635 Thread 0x00000000079eb800 DEOPT UNPACKING pc=0x00000000085e556a sp=0x000000005900e4a8 mode 2
Event: 0.635 loading class java/util/HashMap$Values
Event: 0.636 loading class java/util/HashMap$Values done
Event: 0.636 loading class java/util/HashMap$ValueIterator
Event: 0.636 loading class java/util/HashMap$ValueIterator done
Event: 0.668 loading class java/util/DualPivotQuicksort
Event: 0.668 loading class java/util/DualPivotQuicksort done
Event: 0.669 loading class com/android/dx/dex/file/MethodAnnotationStruct
Event: 0.669 loading class com/android/dx/dex/file/MethodAnnotationStruct done


Dynamic libraries:
0x000000013fd90000 - 0x000000013fdc5000 	D:\android-studio 2.2\jre\bin\java.exe
0x0000000077300000 - 0x00000000774a9000 	C:\Windows\SYSTEM32\ntdll.dll
0x00000000770e0000 - 0x00000000771ff000 	C:\Windows\system32\kernel32.dll
0x000007fefd360000 - 0x000007fefd3cc000 	C:\Windows\system32\KERNELBASE.dll
0x000007fefd470000 - 0x000007fefd54b000 	C:\Windows\system32\ADVAPI32.dll
0x000007feff060000 - 0x000007feff0ff000 	C:\Windows\system32\msvcrt.dll
0x000007feff570000 - 0x000007feff58f000 	C:\Windows\SYSTEM32\sechost.dll
0x000007feff260000 - 0x000007feff38d000 	C:\Windows\system32\RPCRT4.dll
0x0000000077200000 - 0x00000000772fa000 	C:\Windows\system32\USER32.dll
0x000007feff1f0000 - 0x000007feff257000 	C:\Windows\system32\GDI32.dll
0x000007fefdc30000 - 0x000007fefdc3e000 	C:\Windows\system32\LPK.dll
0x000007feff4a0000 - 0x000007feff569000 	C:\Windows\system32\USP10.dll
0x000007fefb700000 - 0x000007fefb8f4000 	C:\Windows\WinSxS\amd64_microsoft.windows.common-controls_6595b64144ccf1df_6.0.7601.18837_none_fa3b1e3d17594757\COMCTL32.dll
0x000007fefd550000 - 0x000007fefd5c1000 	C:\Windows\system32\SHLWAPI.dll
0x000007fefd630000 - 0x000007fefd65e000 	C:\Windows\system32\IMM32.DLL
0x000007feff390000 - 0x000007feff499000 	C:\Windows\system32\MSCTF.dll
0x0000000079130000 - 0x0000000079202000 	D:\android-studio 2.2\jre\jre\bin\msvcr100.dll
0x0000000007d60000 - 0x0000000008594000 	D:\android-studio 2.2\jre\jre\bin\server\jvm.dll
0x000007fef93d0000 - 0x000007fef93d9000 	C:\Windows\system32\WSOCK32.dll
0x000007feff1a0000 - 0x000007feff1ed000 	C:\Windows\system32\WS2_32.dll
0x000007fefda10000 - 0x000007fefda18000 	C:\Windows\system32\NSI.dll
0x000007fefaba0000 - 0x000007fefabdb000 	C:\Windows\system32\WINMM.dll
0x000007fefc1a0000 - 0x000007fefc1ac000 	C:\Windows\system32\VERSION.dll
0x00000000774d0000 - 0x00000000774d7000 	C:\Windows\system32\PSAPI.DLL
0x000007fefa000000 - 0x000007fefa00f000 	D:\android-studio 2.2\jre\jre\bin\verify.dll
0x000007feec110000 - 0x000007feec139000 	D:\android-studio 2.2\jre\jre\bin\java.dll
0x000007fef7cc0000 - 0x000007fef7cd6000 	D:\android-studio 2.2\jre\jre\bin\zip.dll
0x000007fefe230000 - 0x000007fefefb9000 	C:\Windows\system32\SHELL32.dll
0x000007fefda20000 - 0x000007fefdc23000 	C:\Windows\system32\ole32.dll
0x000007fefd0b0000 - 0x000007fefd0bf000 	C:\Windows\system32\profapi.dll

VM Arguments:
jvm_args: -Djava.awt.headless=true -Xmx1024M -Dfile.encoding=GBK -Duser.country=CN -Duser.language=zh -Duser.variant 
java_command: com.android.dx.command.Main --dex --num-threads=4 --output F:\github_project\UCTopic\app\build\intermediates\pre-dexed\debug\com.android.support-animated-vector-drawable-24.0.0-beta1_a79cd1147df2c7d5aa8732e3fa22f8e44438ae36.jar F:\github_project\UCTopic\app\build\intermediates\exploded-aar\com.android.support\animated-vector-drawable\24.0.0-beta1\jars\classes.jar
java_class_path (initial): D:\Android\sdk\build-tools\24.0.0-preview\lib\dx.jar
Launcher Type: SUN_STANDARD

Environment Variables:
JAVA_HOME=C:\Program Files\Java\jdk1.8.0_77
CLASSPATH=.;C:\Program Files\Java\jdk1.8.0_77\lib\dt.jar;C:\Program Files\Java\jdk1.8.0_77\lib\tools.jar;
PATH=C:\ProgramData\Oracle\Java\javapath;C:\Windows\system32;C:\Windows;C:\Windows\System32\Wbem;C:\Windows\System32\WindowsPowerShell\v1.0\;C:\Program Files\Java\jdk1.8.0_77\bin;D:\Android\sdk\platform-tools;D:\android-tools\apktool;C:\Python27;D:\android-tools\jadx\jadx-0.6.1-dev-build226\bin;C:\Program Files\Git\cmd;C:\Program Files\nodejs\;C:\Go\bin;C:\Python27\Scripts;C:\Users\Administrator\AppData\Roaming\npm
USERNAME=Administrator
OS=Windows_NT
PROCESSOR_IDENTIFIER=Intel64 Family 6 Model 60 Stepping 3, GenuineIntel



---------------  S Y S T E M  ---------------

OS: Windows 7 , 64 bit Build 7601 (6.1.7601.18939)

CPU:total 8 (4 cores per cpu, 2 threads per core) family 6 model 60 stepping 3, cmov, cx8, fxsr, mmx, sse, sse2, sse3, ssse3, sse4.1, sse4.2, popcnt, avx, avx2, aes, clmul, erms, rtm, lzcnt, ht, tsc, tscinvbit, bmi1, bmi2

Memory: 4k page, physical 16638836k(680996k free), swap 25029700k(5280k free)

vm_info: OpenJDK 64-Bit Server VM (25.76-b01) for windows-amd64 JRE (1.8.0_76-release-b01), built on May 12 2016 23:29:00 by "ralucas" with MS VC++ 10.0 (VS2010)

time: Fri Jun 03 18:40:41 2016
elapsed time: 0 seconds (0d 0h 0m 0s)

