#
# There is insufficient memory for the Java Runtime Environment to continue.
# Native memory allocation (malloc) failed to allocate 479216 bytes for Chunk::new
# Possible reasons:
#   The system is out of physical RAM or swap space
#   In 32 bit mode, the process size limit was hit
# Possible solutions:
#   Reduce memory load on the system
#   Increase physical memory or swap space
#   Check if swap backing store is full
#   Use 64 bit Java on a 64 bit OS
#   Decrease Java heap size (-Xmx/-Xms)
#   Decrease number of Java threads
#   Decrease Java thread stack sizes (-Xss)
#   Set larger code cache with -XX:ReservedCodeCacheSize=
# This output file may be truncated or incomplete.
#
#  Out of Memory Error (allocation.cpp:390), pid=51404, tid=0x000000000000d32c
#
# JRE version: OpenJDK Runtime Environment (8.0_76-b01) (build 1.8.0_76-release-b01)
# Java VM: OpenJDK 64-Bit Server VM (25.76-b01 mixed mode windows-amd64 compressed oops)
# Failed to write core dump. Minidumps are not enabled by default on client versions of Windows
#

---------------  T H R E A D  ---------------

Current thread (0x000000000766a000):  JavaThread "C2 CompilerThread0" daemon [_thread_in_native, id=54060, stack(0x00000000585a0000,0x00000000586a0000)]

Stack: [0x00000000585a0000,0x00000000586a0000]
[error occurred during error reporting (printing stack bounds), id 0xc0000005]

Native frames: (J=compiled Java code, j=interpreted, Vv=VM code, C=native code)


Current CompileTask:
C2:   1190 1348   !   4       com.android.dx.cf.code.BytecodeArray::parseInstruction (2764 bytes)


---------------  P R O C E S S  ---------------

Java Threads: ( => current thread )
  0x0000000007702000 JavaThread "Service Thread" daemon [_thread_blocked, id=55752, stack(0x0000000058d90000,0x0000000058e90000)]
  0x0000000007680800 JavaThread "C1 CompilerThread3" daemon [_thread_blocked, id=58876, stack(0x0000000058c10000,0x0000000058d10000)]
  0x0000000007680000 JavaThread "C2 CompilerThread2" daemon [_thread_in_native, id=59016, stack(0x00000000589b0000,0x0000000058ab0000)]
  0x000000000767f000 JavaThread "C2 CompilerThread1" daemon [_thread_blocked, id=54912, stack(0x0000000058730000,0x0000000058830000)]
=>0x000000000766a000 JavaThread "C2 CompilerThread0" daemon [_thread_in_native, id=54060, stack(0x00000000585a0000,0x00000000586a0000)]
  0x0000000007668800 JavaThread "Attach Listener" daemon [_thread_blocked, id=55136, stack(0x0000000058140000,0x0000000058240000)]
  0x0000000007676800 JavaThread "Signal Dispatcher" daemon [_thread_blocked, id=56552, stack(0x00000000583f0000,0x00000000584f0000)]
  0x00000000065aa800 JavaThread "Finalizer" daemon [_thread_blocked, id=57352, stack(0x00000000582b0000,0x00000000583b0000)]
  0x000000000238f800 JavaThread "Reference Handler" daemon [_thread_blocked, id=51652, stack(0x0000000058010000,0x0000000058110000)]
  0x000000000245e000 JavaThread "main" [_thread_in_Java, id=56152, stack(0x0000000002630000,0x0000000002730000)]

Other Threads:
  0x000000000238c000 VMThread [stack: 0x0000000057ed0000,0x0000000057fd0000] [id=56744]
  0x0000000007704800 WatcherThread [stack: 0x00000000588b0000,0x00000000589b0000] [id=51772]

VM state:not at safepoint (normal execution)

VM Mutex/Monitor currently owned by a thread: None

Heap:
 PSYoungGen      total 75776K, used 33384K [0x00000000eab00000, 0x00000000f3f00000, 0x0000000100000000)
  eden space 65024K, 34% used [0x00000000eab00000,0x00000000ec11b310,0x00000000eea80000)
  from space 10752K, 99% used [0x00000000eea80000,0x00000000ef4fedf8,0x00000000ef500000)
  to   space 10752K, 0% used [0x00000000f3480000,0x00000000f3480000,0x00000000f3f00000)
 ParOldGen       total 173568K, used 922K [0x00000000c0000000, 0x00000000ca980000, 0x00000000eab00000)
  object space 173568K, 0% used [0x00000000c0000000,0x00000000c00e6bb0,0x00000000ca980000)
 Metaspace       used 6492K, capacity 7408K, committed 7552K, reserved 1056768K
  class space    used 606K, capacity 616K, committed 640K, reserved 1048576K

Card table byte_map: [0x0000000002af0000,0x0000000002d00000] byte_map_base: 0x00000000024f0000

Marking Bits: (ParMarkBitMap*) 0x0000000008519d00
 Begin Bits: [0x00000000039c0000, 0x00000000049c0000)
 End Bits:   [0x00000000049c0000, 0x00000000059c0000)

Polling page: 0x0000000000370000

CodeCache: size=245760Kb used=6697Kb max_used=6697Kb free=239062Kb
 bounds [0x00000000085a0000, 0x0000000008c30000, 0x00000000175a0000]
 total_blobs=2090 nmethods=1823 adapters=178
 compilation: disabled (not enough contiguous free space left)

Compilation events (10 events):
Event: 1.149 Thread 0x0000000007680800 nmethod 1863 0x0000000008c2de90 code [0x0000000008c2dfe0, 0x0000000008c2e1f0]
Event: 1.149 Thread 0x0000000007680800 1857       3       com.android.dx.dex.code.DalvCode::getInsns (9 bytes)
Event: 1.149 Thread 0x0000000007680800 nmethod 1857 0x0000000008c2e2d0 code [0x0000000008c2e440, 0x0000000008c2e5e8]
Event: 1.149 Thread 0x0000000007680800 1858       3       com.android.dx.dex.code.DalvInsnList::codeSize (24 bytes)
Event: 1.149 Thread 0x0000000007680800 nmethod 1858 0x0000000008c2e690 code [0x0000000008c2e860, 0x0000000008c2f0c8]
Event: 1.149 Thread 0x0000000007680800 1859       3       com.android.dx.dex.code.DalvInsn::getNextAddress (10 bytes)
Event: 1.149 Thread 0x0000000007680800 nmethod 1859 0x0000000008c2f390 code [0x0000000008c2f520, 0x0000000008c2f8f8]
Event: 1.149 Thread 0x0000000007680800 1865       3       java.util.TimSort::countRunAndMakeAscending (128 bytes)
Event: 1.152 Thread 0x0000000007680800 

Event: 1.155 Thread 0x000000000767f000 


GC Heap History (2 events):
Event: 0.792 GC heap before
{Heap before GC invocations=1 (full 0):
 PSYoungGen      total 75776K, used 65024K [0x00000000eab00000, 0x00000000eff80000, 0x0000000100000000)
  eden space 65024K, 100% used [0x00000000eab00000,0x00000000eea80000,0x00000000eea80000)
  from space 10752K, 0% used [0x00000000ef500000,0x00000000ef500000,0x00000000eff80000)
  to   space 10752K, 0% used [0x00000000eea80000,0x00000000eea80000,0x00000000ef500000)
 ParOldGen       total 173568K, used 0K [0x00000000c0000000, 0x00000000ca980000, 0x00000000eab00000)
  object space 173568K, 0% used [0x00000000c0000000,0x00000000c0000000,0x00000000ca980000)
 Metaspace       used 5938K, capacity 7024K, committed 7296K, reserved 1056768K
  class space    used 566K, capacity 616K, committed 640K, reserved 1048576K
Event: 0.833 GC heap after
Heap after GC invocations=1 (full 0):
 PSYoungGen      total 75776K, used 10747K [0x00000000eab00000, 0x00000000f3f00000, 0x0000000100000000)
  eden space 65024K, 0% used [0x00000000eab00000,0x00000000eab00000,0x00000000eea80000)
  from space 10752K, 99% used [0x00000000eea80000,0x00000000ef4fedf8,0x00000000ef500000)
  to   space 10752K, 0% used [0x00000000f3480000,0x00000000f3480000,0x00000000f3f00000)
 ParOldGen       total 173568K, used 922K [0x00000000c0000000, 0x00000000ca980000, 0x00000000eab00000)
  object space 173568K, 0% used [0x00000000c0000000,0x00000000c00e6bb0,0x00000000ca980000)
 Metaspace       used 5938K, capacity 7024K, committed 7296K, reserved 1056768K
  class space    used 566K, capacity 616K, committed 640K, reserved 1048576K
}

Deoptimization events (10 events):
Event: 0.991 Thread 0x000000000245e000 Uncommon trap: reason=class_check action=maybe_recompile pc=0x00000000088a3034 method=java.util.HashMap.putVal(ILjava/lang/Object;Ljava/lang/Object;ZZ)Ljava/lang/Object; @ 203
Event: 1.065 Thread 0x000000000245e000 Uncommon trap: reason=speculate_class_check action=maybe_recompile pc=0x000000000897bc20 method=com.android.dx.util.FixedSizeList.equals(Ljava/lang/Object;)Z @ 25
Event: 1.065 Thread 0x000000000245e000 Uncommon trap: reason=class_check action=maybe_recompile pc=0x0000000008905704 method=java.util.Arrays.equals([Ljava/lang/Object;[Ljava/lang/Object;)Z @ 62
Event: 1.065 Thread 0x000000000245e000 Uncommon trap: reason=speculate_class_check action=maybe_recompile pc=0x000000000897bc20 method=com.android.dx.util.FixedSizeList.equals(Ljava/lang/Object;)Z @ 25
Event: 1.065 Thread 0x000000000245e000 Uncommon trap: reason=class_check action=maybe_recompile pc=0x0000000008905704 method=java.util.Arrays.equals([Ljava/lang/Object;[Ljava/lang/Object;)Z @ 62
Event: 1.065 Thread 0x000000000245e000 Uncommon trap: reason=speculate_class_check action=maybe_recompile pc=0x000000000897bc20 method=com.android.dx.util.FixedSizeList.equals(Ljava/lang/Object;)Z @ 25
Event: 1.065 Thread 0x000000000245e000 Uncommon trap: reason=class_check action=maybe_recompile pc=0x0000000008905704 method=java.util.Arrays.equals([Ljava/lang/Object;[Ljava/lang/Object;)Z @ 62
Event: 1.065 Thread 0x000000000245e000 Uncommon trap: reason=speculate_class_check action=maybe_recompile pc=0x000000000897bc20 method=com.android.dx.util.FixedSizeList.equals(Ljava/lang/Object;)Z @ 25
Event: 1.065 Thread 0x000000000245e000 Uncommon trap: reason=class_check action=maybe_recompile pc=0x0000000008905704 method=java.util.Arrays.equals([Ljava/lang/Object;[Ljava/lang/Object;)Z @ 62
Event: 1.103 Thread 0x000000000245e000 Uncommon trap: reason=unstable_if action=reinterpret pc=0x00000000087cc10c method=java.util.TreeMap.put(Ljava/lang/Object;Ljava/lang/Object;)Ljava/lang/Object; @ 163

Internal exceptions (5 events):
Event: 0.031 Thread 0x000000000245e000 Exception <a 'java/lang/NoSuchMethodError': Method sun.misc.Unsafe.defineClass(Ljava/lang/String;[BII)Ljava/lang/Class; name or signature does not match> (0x00000000eab07cc0) thrown at [C:\src\android\AOSP-openjdk\external\jetbrains\jdk\hotspot\src\share\v§π8Äonü?
Event: 0.031 Thread 0x000000000245e000 Exception <a 'java/lang/NoSuchMethodError': Method sun.misc.Unsafe.prefetchRead(Ljava/lang/Object;J)V name or signature does not match> (0x00000000eab07fa8) thrown at [C:\src\android\AOSP-openjdk\external\jetbrains\jdk\hotspot\src\share\vm\prims\jni.cpp, lÿÄ
ÌÅ≤Ï?
Event: 0.897 Thread 0x000000000784a000 Exception <a 'java/lang/ArrayIndexOutOfBoundsException': 18> (0x00000000eb2beed0) thrown at [C:\src\android\AOSP-openjdk\external\jetbrains\jdk\hotspot\src\share\vm\interpreter\interpreterRuntime.cpp, line 366]
Event: 0.897 Thread 0x000000000784a000 Exception <a 'java/lang/ArrayIndexOutOfBoundsException': 145> (0x00000000eb2c0a50) thrown at [C:\src\android\AOSP-openjdk\external\jetbrains\jdk\hotspot\src\share\vm\interpreter\interpreterRuntime.cpp, line 366]
Event: 0.898 Thread 0x000000000784a000 Exception <a 'java/lang/ArrayIndexOutOfBoundsException'> (0x00000000eb2c1d38) thrown at [C:\src\android\AOSP-openjdk\external\jetbrains\jdk\hotspot\src\share\vm\runtime\sharedRuntime.cpp, line 605]

Events (10 events):
Event: 1.139 loading class com/android/dx/dex/file/DebugInfoEncoder
Event: 1.139 loading class com/android/dx/dex/file/DebugInfoEncoder done
Event: 1.143 loading class com/android/dx/dex/file/DebugInfoEncoder$1
Event: 1.143 loading class com/android/dx/dex/file/DebugInfoEncoder$1 done
Event: 1.143 loading class com/android/dx/dex/file/DebugInfoEncoder$2
Event: 1.143 loading class com/android/dx/dex/file/DebugInfoEncoder$2 done
Event: 1.157 loading class com/android/dex/EncodedValueCodec
Event: 1.157 loading class com/android/dex/EncodedValueCodec done
Event: 1.174 loading class com/android/dx/dex/file/MapItem
Event: 1.174 loading class com/android/dx/dex/file/MapItem done


Dynamic libraries:
0x000000013f1b0000 - 0x000000013f1e5000 	D:\android-studio 2.2\jre\bin\java.exe
0x0000000077300000 - 0x00000000774a9000 	C:\Windows\SYSTEM32\ntdll.dll
0x00000000770e0000 - 0x00000000771ff000 	C:\Windows\system32\kernel32.dll
0x000007fefd360000 - 0x000007fefd3cc000 	C:\Windows\system32\KERNELBASE.dll
0x000007fefd470000 - 0x000007fefd54b000 	C:\Windows\system32\ADVAPI32.dll
0x000007feff060000 - 0x000007feff0ff000 	C:\Windows\system32\msvcrt.dll
0x000007feff570000 - 0x000007feff58f000 	C:\Windows\SYSTEM32\sechost.dll
0x000007feff260000 - 0x000007feff38d000 	C:\Windows\system32\RPCRT4.dll
0x0000000077200000 - 0x00000000772fa000 	C:\Windows\system32\USER32.dll
0x000007feff1f0000 - 0x000007feff257000 	C:\Windows\system32\GDI32.dll
0x000007fefdc30000 - 0x000007fefdc3e000 	C:\Windows\system32\LPK.dll
0x000007feff4a0000 - 0x000007feff569000 	C:\Windows\system32\USP10.dll
0x000007fefb700000 - 0x000007fefb8f4000 	C:\Windows\WinSxS\amd64_microsoft.windows.common-controls_6595b64144ccf1df_6.0.7601.18837_none_fa3b1e3d17594757\COMCTL32.dll
0x000007fefd550000 - 0x000007fefd5c1000 	C:\Windows\system32\SHLWAPI.dll
0x000007fefd630000 - 0x000007fefd65e000 	C:\Windows\system32\IMM32.DLL
0x000007feff390000 - 0x000007feff499000 	C:\Windows\system32\MSCTF.dll
0x0000000078cc0000 - 0x0000000078d92000 	D:\android-studio 2.2\jre\jre\bin\msvcr100.dll
0x0000000007d60000 - 0x0000000008594000 	D:\android-studio 2.2\jre\jre\bin\server\jvm.dll
0x000007fef93d0000 - 0x000007fef93d9000 	C:\Windows\system32\WSOCK32.dll
0x000007feff1a0000 - 0x000007feff1ed000 	C:\Windows\system32\WS2_32.dll
0x000007fefda10000 - 0x000007fefda18000 	C:\Windows\system32\NSI.dll
0x000007fefaba0000 - 0x000007fefabdb000 	C:\Windows\system32\WINMM.dll
0x000007fefc1a0000 - 0x000007fefc1ac000 	C:\Windows\system32\VERSION.dll
0x00000000774d0000 - 0x00000000774d7000 	C:\Windows\system32\PSAPI.DLL
0x000007fefa000000 - 0x000007fefa00f000 	D:\android-studio 2.2\jre\jre\bin\verify.dll
0x000007feec110000 - 0x000007feec139000 	D:\android-studio 2.2\jre\jre\bin\java.dll
0x000007fef7cc0000 - 0x000007fef7cd6000 	D:\android-studio 2.2\jre\jre\bin\zip.dll
0x000007fefe230000 - 0x000007fefefb9000 	C:\Windows\system32\SHELL32.dll
0x000007fefda20000 - 0x000007fefdc23000 	C:\Windows\system32\ole32.dll
0x000007fefd0b0000 - 0x000007fefd0bf000 	C:\Windows\system32\profapi.dll

VM Arguments:
jvm_args: -Djava.awt.headless=true -Xmx1024M -Dfile.encoding=GBK -Duser.country=CN -Duser.language=zh -Duser.variant 
java_command: com.android.dx.command.Main --dex --num-threads=4 --output F:\github_project\UCTopic\app\build\intermediates\pre-dexed\debug\debug_37ce29f456aac4f9e805957d415b19e9c2981216.jar F:\github_project\UCTopic\app\build\intermediates\classes\debug
java_class_path (initial): D:\Android\sdk\build-tools\24.0.0-preview\lib\dx.jar
Launcher Type: SUN_STANDARD

Environment Variables:
JAVA_HOME=C:\Program Files\Java\jdk1.8.0_77
CLASSPATH=.;C:\Program Files\Java\jdk1.8.0_77\lib\dt.jar;C:\Program Files\Java\jdk1.8.0_77\lib\tools.jar;
PATH=C:\ProgramData\Oracle\Java\javapath;C:\Windows\system32;C:\Windows;C:\Windows\System32\Wbem;C:\Windows\System32\WindowsPowerShell\v1.0\;C:\Program Files\Java\jdk1.8.0_77\bin;D:\Android\sdk\platform-tools;D:\android-tools\apktool;C:\Python27;D:\android-tools\jadx\jadx-0.6.1-dev-build226\bin;C:\Program Files\Git\cmd;C:\Program Files\nodejs\;C:\Go\bin;C:\Python27\Scripts;C:\Users\Administrator\AppData\Roaming\npm
USERNAME=Administrator
OS=Windows_NT
PROCESSOR_IDENTIFIER=Intel64 Family 6 Model 60 Stepping 3, GenuineIntel



---------------  S Y S T E M  ---------------

OS: Windows 7 , 64 bit Build 7601 (6.1.7601.18939)

CPU:total 8 (4 cores per cpu, 2 threads per core) family 6 model 60 stepping 3, cmov, cx8, fxsr, mmx, sse, sse2, sse3, ssse3, sse4.1, sse4.2, popcnt, avx, avx2, aes, clmul, erms, rtm, lzcnt, ht, tsc, tscinvbit, bmi1, bmi2

Memory: 4k page, physical 16638836k(95236k free), swap 25029700k(3760k free)

vm_info: OpenJDK 64-Bit Server VM (25.76-b01) for windows-amd64 JRE (1.8.0_76-release-b01), built on May 12 2016 23:29:00 by "ralucas" with MS VC++ 10.0 (VS2010)

time: Thu Jun 02 17:15:56 2016
elapsed time: 1 seconds (0d 0h 0m 1s)

