#
# There is insufficient memory for the Java Runtime Environment to continue.
# Native memory allocation (malloc) failed to allocate 131088 bytes for Chunk::new
# Possible reasons:
#   The system is out of physical RAM or swap space
#   In 32 bit mode, the process size limit was hit
# Possible solutions:
#   Reduce memory load on the system
#   Increase physical memory or swap space
#   Check if swap backing store is full
#   Use 64 bit Java on a 64 bit OS
#   Decrease Java heap size (-Xmx/-Xms)
#   Decrease number of Java threads
#   Decrease Java thread stack sizes (-Xss)
#   Set larger code cache with -XX:ReservedCodeCacheSize=
# This output file may be truncated or incomplete.
#
#  Out of Memory Error (allocation.cpp:390), pid=56436, tid=0x000000000000edf8
#
# JRE version: OpenJDK Runtime Environment (8.0_76-b01) (build 1.8.0_76-release-b01)
# Java VM: OpenJDK 64-Bit Server VM (25.76-b01 mixed mode windows-amd64 compressed oops)
# Failed to write core dump. Minidumps are not enabled by default on client versions of Windows
#

---------------  T H R E A D  ---------------

Current thread (0x0000000007878000):  JavaThread "C2 CompilerThread0" daemon [_thread_in_native, id=60920, stack(0x0000000058a50000,0x0000000058b50000)]

Stack: [0x0000000058a50000,0x0000000058b50000]
[error occurred during error reporting (printing stack bounds), id 0xc0000005]

Native frames: (J=compiled Java code, j=interpreted, Vv=VM code, C=native code)


Current CompileTask:
C2:   1434 1441   !   4       com.android.dx.cf.code.BytecodeArray::parseInstruction (2764 bytes)


---------------  P R O C E S S  ---------------

Java Threads: ( => current thread )
  0x0000000059087000 JavaThread "pool-1-thread-4" [_thread_blocked, id=63180, stack(0x0000000059c20000,0x0000000059d20000)]
  0x0000000059084000 JavaThread "pool-1-thread-3" [_thread_blocked, id=64184, stack(0x0000000003290000,0x0000000003390000)]
  0x0000000059083800 JavaThread "pool-1-thread-2" [_thread_blocked, id=63928, stack(0x0000000059a80000,0x0000000059b80000)]
  0x0000000059082800 JavaThread "pool-2-thread-1" [_thread_blocked, id=64460, stack(0x0000000059890000,0x0000000059990000)]
  0x0000000007b18000 JavaThread "pool-1-thread-1" [_thread_blocked, id=52868, stack(0x0000000002df0000,0x0000000002ef0000)]
  0x00000000078e7000 JavaThread "Service Thread" daemon [_thread_blocked, id=64592, stack(0x0000000058ce0000,0x0000000058de0000)]
  0x00000000078de000 JavaThread "C1 CompilerThread3" daemon [_thread_blocked, id=63052, stack(0x0000000058bb0000,0x0000000058cb0000)]
  0x0000000007887000 JavaThread "C2 CompilerThread2" daemon [_thread_blocked, id=65052, stack(0x0000000058040000,0x0000000058140000)]
  0x0000000007886000 JavaThread "C2 CompilerThread1" daemon [_thread_blocked, id=62748, stack(0x0000000058720000,0x0000000058820000)]
=>0x0000000007878000 JavaThread "C2 CompilerThread0" daemon [_thread_in_native, id=60920, stack(0x0000000058a50000,0x0000000058b50000)]
  0x0000000007877000 JavaThread "Attach Listener" daemon [_thread_blocked, id=60940, stack(0x0000000058840000,0x0000000058940000)]
  0x0000000007876000 JavaThread "Signal Dispatcher" daemon [_thread_blocked, id=62468, stack(0x00000000585f0000,0x00000000586f0000)]
  0x0000000006698800 JavaThread "Finalizer" daemon [_thread_blocked, id=63872, stack(0x00000000584e0000,0x00000000585e0000)]
  0x0000000006697800 JavaThread "Reference Handler" daemon [_thread_blocked, id=63340, stack(0x0000000058320000,0x0000000058420000)]
  0x000000000245e000 JavaThread "main" [_thread_blocked, id=63360, stack(0x0000000002720000,0x0000000002820000)]

Other Threads:
  0x000000000668e800 VMThread [stack: 0x0000000058140000,0x0000000058240000] [id=63460]
  0x00000000078e9800 WatcherThread [stack: 0x0000000058eb0000,0x0000000058fb0000] [id=64404]

VM state:not at safepoint (normal execution)

VM Mutex/Monitor currently owned by a thread: None

Heap:
 PSYoungGen      total 75776K, used 22696K [0x00000000eab00000, 0x00000000eff80000, 0x0000000100000000)
  eden space 65024K, 18% used [0x00000000eab00000,0x00000000eb6fea88,0x00000000eea80000)
  from space 10752K, 96% used [0x00000000eea80000,0x00000000ef4ab618,0x00000000ef500000)
  to   space 10752K, 0% used [0x00000000ef500000,0x00000000ef500000,0x00000000eff80000)
 ParOldGen       total 173568K, used 1354K [0x00000000c0000000, 0x00000000ca980000, 0x00000000eab00000)
  object space 173568K, 0% used [0x00000000c0000000,0x00000000c01528a8,0x00000000ca980000)
 Metaspace       used 6118K, capacity 7024K, committed 7296K, reserved 1056768K
  class space    used 581K, capacity 616K, committed 640K, reserved 1048576K

Card table byte_map: [0x0000000002be0000,0x0000000002df0000] byte_map_base: 0x00000000025e0000

Marking Bits: (ParMarkBitMap*) 0x0000000008519d00
 Begin Bits: [0x0000000003ab0000, 0x0000000004ab0000)
 End Bits:   [0x0000000004ab0000, 0x0000000005ab0000)

Polling page: 0x0000000000170000

CodeCache: size=245760Kb used=5676Kb max_used=5676Kb free=240083Kb
 bounds [0x00000000085a0000, 0x0000000008b40000, 0x00000000175a0000]
 total_blobs=1704 nmethods=1434 adapters=184
 compilation: enabled

Compilation events (10 events):
Event: 1.389 Thread 0x00000000078de000 1447       1       com.android.dx.rop.code.Insn$BaseVisitor::visitThrowingCstInsn (1 bytes)
Event: 1.389 Thread 0x00000000078de000 nmethod 1447 0x0000000008ada990 code [0x0000000008adaae0, 0x0000000008adabf0]
Event: 1.389 Thread 0x00000000078de000 1450       3       java.util.concurrent.ThreadPoolExecutor::workerCountOf (5 bytes)
Event: 1.389 Thread 0x00000000078de000 nmethod 1450 0x0000000008b28710 code [0x0000000008b28860, 0x0000000008b28990]
Event: 1.389 Thread 0x00000000078de000 1448       3       com.android.dx.dex.file.ClassDefItem::addDirectMethod (9 bytes)
Event: 1.389 Thread 0x00000000078de000 nmethod 1448 0x0000000008b2f1d0 code [0x0000000008b2f380, 0x0000000008b2fa38]
Event: 1.389 Thread 0x00000000078de000 1449       3       com.android.dx.dex.file.ClassDataItem::addDirectMethod (24 bytes)
Event: 1.390 Thread 0x00000000078de000 nmethod 1449 0x0000000008b2e5d0 code [0x0000000008b2e7a0, 0x0000000008b2ee38]
Event: 1.396 Thread 0x00000000078de000 1451       3       java.util.TreeMap::containsKey (14 bytes)
Event: 1.396 Thread 0x00000000078de000 nmethod 1451 0x0000000008b1d150 code [0x0000000008b1d2c0, 0x0000000008b1d528]

GC Heap History (2 events):
Event: 0.883 GC heap before
{Heap before GC invocations=1 (full 0):
 PSYoungGen      total 75776K, used 65024K [0x00000000eab00000, 0x00000000eff80000, 0x0000000100000000)
  eden space 65024K, 100% used [0x00000000eab00000,0x00000000eea80000,0x00000000eea80000)
  from space 10752K, 0% used [0x00000000ef500000,0x00000000ef500000,0x00000000eff80000)
  to   space 10752K, 0% used [0x00000000eea80000,0x00000000eea80000,0x00000000ef500000)
 ParOldGen       total 173568K, used 1354K [0x00000000c0000000, 0x00000000ca980000, 0x00000000eab00000)
  object space 173568K, 0% used [0x00000000c0000000,0x00000000c01528a8,0x00000000ca980000)
 Metaspace       used 6026K, capacity 6960K, committed 7040K, reserved 1056768K
  class space    used 580K, capacity 616K, committed 640K, reserved 1048576K
Event: 0.938 GC heap after
Heap after GC invocations=1 (full 0):
 PSYoungGen      total 75776K, used 10413K [0x00000000eab00000, 0x00000000eff80000, 0x0000000100000000)
  eden space 65024K, 0% used [0x00000000eab00000,0x00000000eab00000,0x00000000eea80000)
  from space 10752K, 96% used [0x00000000eea80000,0x00000000ef4ab618,0x00000000ef500000)
  to   space 10752K, 0% used [0x00000000ef500000,0x00000000ef500000,0x00000000eff80000)
 ParOldGen       total 173568K, used 1354K [0x00000000c0000000, 0x00000000ca980000, 0x00000000eab00000)
  object space 173568K, 0% used [0x00000000c0000000,0x00000000c01528a8,0x00000000ca980000)
 Metaspace       used 6026K, capacity 6960K, committed 7040K, reserved 1056768K
  class space    used 580K, capacity 616K, committed 640K, reserved 1048576K
}

Deoptimization events (10 events):
Event: 0.498 Thread 0x0000000059087000 Uncommon trap: reason=class_check action=maybe_recompile pc=0x00000000087f1ac0 method=com.android.dx.ssa.NormalSsaInsn.accept(Lcom/android/dx/ssa/SsaInsn$Visitor;)V @ 9
Event: 0.501 Thread 0x0000000059083800 Uncommon trap: reason=class_check action=maybe_recompile pc=0x00000000087f1ac0 method=com.android.dx.ssa.NormalSsaInsn.accept(Lcom/android/dx/ssa/SsaInsn$Visitor;)V @ 9
Event: 0.504 Thread 0x0000000059084000 Uncommon trap: reason=class_check action=maybe_recompile pc=0x00000000087f1ac0 method=com.android.dx.ssa.NormalSsaInsn.accept(Lcom/android/dx/ssa/SsaInsn$Visitor;)V @ 9
Event: 0.504 Thread 0x0000000059084000 Uncommon trap: reason=class_check action=maybe_recompile pc=0x00000000087f1ac0 method=com.android.dx.ssa.NormalSsaInsn.accept(Lcom/android/dx/ssa/SsaInsn$Visitor;)V @ 9
Event: 0.504 Thread 0x0000000059084000 Uncommon trap: reason=class_check action=maybe_recompile pc=0x00000000087e1520 method=com.android.dx.ssa.NormalSsaInsn.accept(Lcom/android/dx/ssa/SsaInsn$Visitor;)V @ 9
Event: 0.552 Thread 0x0000000059087000 Uncommon trap: reason=unstable_if action=reinterpret pc=0x0000000008842ac4 method=com.android.dx.rop.cst.Constant.compareTo(Lcom/android/dx/rop/cst/Constant;)I @ 12
Event: 0.603 Thread 0x0000000059083800 Uncommon trap: reason=null_check action=make_not_entrant pc=0x00000000088de958 method=com.android.dx.ssa.SsaRenamer.getLocalForNewReg(I)Lcom/android/dx/rop/code/LocalItem; @ 19
Event: 0.603 Thread 0x0000000059083800 Uncommon trap: reason=null_check action=make_not_entrant pc=0x00000000088b8bb0 method=com.android.dx.ssa.SsaRenamer.getLocalForNewReg(I)Lcom/android/dx/rop/code/LocalItem; @ 19
Event: 0.604 Thread 0x0000000007b18000 Uncommon trap: reason=unstable_if action=reinterpret pc=0x00000000088d96f0 method=com.android.dx.ssa.SsaRenamer$BlockRenamer.addMapping(ILcom/android/dx/rop/code/RegisterSpec;)V @ 120
Event: 0.946 Thread 0x0000000007b18000 Uncommon trap: reason=unstable_if action=reinterpret pc=0x00000000089c7cd8 method=com.android.dx.dex.code.OutputFinisher.hasLocalInfo(Lcom/android/dx/dex/code/DalvInsn;)Z @ 24

Internal exceptions (4 events):
Event: 0.040 Thread 0x000000000245e000 Exception <a 'java/lang/NoSuchMethodError': Method sun.misc.Unsafe.defineClass(Ljava/lang/String;[BII)Ljava/lang/Class; name or signature does not match> (0x00000000eab07cc0) thrown at [C:\src\android\AOSP-openjdk\external\jetbrains\jdk\hotspot\src\share\v
Event: 0.040 Thread 0x000000000245e000 Exception <a 'java/lang/NoSuchMethodError': Method sun.misc.Unsafe.prefetchRead(Ljava/lang/Object;J)V name or signature does not match> (0x00000000eab07fa8) thrown at [C:\src\android\AOSP-openjdk\external\jetbrains\jdk\hotspot\src\share\vm\prims\jni.cpp, l{ªÊXMKã?
Event: 0.603 Thread 0x0000000059083800 Implicit null exception at 0x00000000088dc3bd to 0x00000000088de90d
Event: 0.603 Thread 0x0000000059083800 Implicit null exception at 0x00000000088b6a40 to 0x00000000088b8b85

Events (10 events):
Event: 0.853 Executing VM operation: ParallelGCFailedAllocation done
Event: 0.874 Executing VM operation: ParallelGCSystemGC
Event: 0.938 Executing VM operation: ParallelGCSystemGC done
Event: 0.946 Thread 0x0000000007b18000 Uncommon trap: trap_request=0xffffff65 fr.pc=0x00000000089c7cd8
Event: 0.946 Thread 0x0000000007b18000 DEOPT PACKING pc=0x00000000089c7cd8 sp=0x0000000002eee900
Event: 0.946 Thread 0x0000000007b18000 DEOPT UNPACKING pc=0x00000000085e556a sp=0x0000000002eee818 mode 2
Event: 1.049 Thread 0x0000000059084000 DEOPT PACKING pc=0x000000000892ee85 sp=0x000000000338e770
Event: 1.049 Thread 0x0000000059084000 DEOPT UNPACKING pc=0x00000000085e75bf sp=0x000000000338e528 mode 0
Event: 1.319 loading class com/android/dx/cf/code/SwitchList
Event: 1.319 loading class com/android/dx/cf/code/SwitchList done


Dynamic libraries:
0x000000013fd90000 - 0x000000013fdc5000 	D:\android-studio 2.2\jre\bin\java.exe
0x0000000077300000 - 0x00000000774a9000 	C:\Windows\SYSTEM32\ntdll.dll
0x00000000770e0000 - 0x00000000771ff000 	C:\Windows\system32\kernel32.dll
0x000007fefd360000 - 0x000007fefd3cc000 	C:\Windows\system32\KERNELBASE.dll
0x000007fefd470000 - 0x000007fefd54b000 	C:\Windows\system32\ADVAPI32.dll
0x000007feff060000 - 0x000007feff0ff000 	C:\Windows\system32\msvcrt.dll
0x000007feff570000 - 0x000007feff58f000 	C:\Windows\SYSTEM32\sechost.dll
0x000007feff260000 - 0x000007feff38d000 	C:\Windows\system32\RPCRT4.dll
0x0000000077200000 - 0x00000000772fa000 	C:\Windows\system32\USER32.dll
0x000007feff1f0000 - 0x000007feff257000 	C:\Windows\system32\GDI32.dll
0x000007fefdc30000 - 0x000007fefdc3e000 	C:\Windows\system32\LPK.dll
0x000007feff4a0000 - 0x000007feff569000 	C:\Windows\system32\USP10.dll
0x000007fefb700000 - 0x000007fefb8f4000 	C:\Windows\WinSxS\amd64_microsoft.windows.common-controls_6595b64144ccf1df_6.0.7601.18837_none_fa3b1e3d17594757\COMCTL32.dll
0x000007fefd550000 - 0x000007fefd5c1000 	C:\Windows\system32\SHLWAPI.dll
0x000007fefd630000 - 0x000007fefd65e000 	C:\Windows\system32\IMM32.DLL
0x000007feff390000 - 0x000007feff499000 	C:\Windows\system32\MSCTF.dll
0x0000000079130000 - 0x0000000079202000 	D:\android-studio 2.2\jre\jre\bin\msvcr100.dll
0x0000000007d60000 - 0x0000000008594000 	D:\android-studio 2.2\jre\jre\bin\server\jvm.dll
0x000007fef93d0000 - 0x000007fef93d9000 	C:\Windows\system32\WSOCK32.dll
0x000007feff1a0000 - 0x000007feff1ed000 	C:\Windows\system32\WS2_32.dll
0x000007fefda10000 - 0x000007fefda18000 	C:\Windows\system32\NSI.dll
0x000007fefaba0000 - 0x000007fefabdb000 	C:\Windows\system32\WINMM.dll
0x000007fefc1a0000 - 0x000007fefc1ac000 	C:\Windows\system32\VERSION.dll
0x00000000774d0000 - 0x00000000774d7000 	C:\Windows\system32\PSAPI.DLL
0x000007fefa000000 - 0x000007fefa00f000 	D:\android-studio 2.2\jre\jre\bin\verify.dll
0x000007feec110000 - 0x000007feec139000 	D:\android-studio 2.2\jre\jre\bin\java.dll
0x000007fef7cc0000 - 0x000007fef7cd6000 	D:\android-studio 2.2\jre\jre\bin\zip.dll
0x000007fefe230000 - 0x000007fefefb9000 	C:\Windows\system32\SHELL32.dll
0x000007fefda20000 - 0x000007fefdc23000 	C:\Windows\system32\ole32.dll
0x000007fefd0b0000 - 0x000007fefd0bf000 	C:\Windows\system32\profapi.dll

VM Arguments:
jvm_args: -Djava.awt.headless=true -Xmx1024M -Dfile.encoding=GBK -Duser.country=CN -Duser.language=zh -Duser.variant 
java_command: com.android.dx.command.Main --dex --num-threads=4 --output F:\github_project\UCTopic\app\build\intermediates\pre-dexed\debug\internal_impl-24.0.0-beta1_a4def8e3a6126152da71b882f94e5fd6135e468f.jar F:\github_project\UCTopic\app\build\intermediates\exploded-aar\com.android.support\support-v4\24.0.0-beta1\jars\libs\internal_impl-24.0.0-beta1.jar
java_class_path (initial): D:\Android\sdk\build-tools\24.0.0-preview\lib\dx.jar
Launcher Type: SUN_STANDARD

Environment Variables:
JAVA_HOME=C:\Program Files\Java\jdk1.8.0_77
CLASSPATH=.;C:\Program Files\Java\jdk1.8.0_77\lib\dt.jar;C:\Program Files\Java\jdk1.8.0_77\lib\tools.jar;
PATH=C:\ProgramData\Oracle\Java\javapath;C:\Windows\system32;C:\Windows;C:\Windows\System32\Wbem;C:\Windows\System32\WindowsPowerShell\v1.0\;C:\Program Files\Java\jdk1.8.0_77\bin;D:\Android\sdk\platform-tools;D:\android-tools\apktool;C:\Python27;D:\android-tools\jadx\jadx-0.6.1-dev-build226\bin;C:\Program Files\Git\cmd;C:\Program Files\nodejs\;C:\Go\bin;C:\Python27\Scripts;C:\Users\Administrator\AppData\Roaming\npm
USERNAME=Administrator
OS=Windows_NT
PROCESSOR_IDENTIFIER=Intel64 Family 6 Model 60 Stepping 3, GenuineIntel



---------------  S Y S T E M  ---------------

OS: Windows 7 , 64 bit Build 7601 (6.1.7601.18939)

CPU:total 8 (4 cores per cpu, 2 threads per core) family 6 model 60 stepping 3, cmov, cx8, fxsr, mmx, sse, sse2, sse3, ssse3, sse4.1, sse4.2, popcnt, avx, avx2, aes, clmul, erms, rtm, lzcnt, ht, tsc, tscinvbit, bmi1, bmi2

Memory: 4k page, physical 16638836k(534904k free), swap 25029700k(4392k free)

vm_info: OpenJDK 64-Bit Server VM (25.76-b01) for windows-amd64 JRE (1.8.0_76-release-b01), built on May 12 2016 23:29:00 by "ralucas" with MS VC++ 10.0 (VS2010)

time: Fri Jun 03 18:40:45 2016
elapsed time: 1 seconds (0d 0h 0m 1s)

