#
# There is insufficient memory for the Java Runtime Environment to continue.
# Native memory allocation (malloc) failed to allocate 32744 bytes for ChunkPool::allocate
# Possible reasons:
#   The system is out of physical RAM or swap space
#   In 32 bit mode, the process size limit was hit
# Possible solutions:
#   Reduce memory load on the system
#   Increase physical memory or swap space
#   Check if swap backing store is full
#   Use 64 bit Java on a 64 bit OS
#   Decrease Java heap size (-Xmx/-Xms)
#   Decrease number of Java threads
#   Decrease Java thread stack sizes (-Xss)
#   Set larger code cache with -XX:ReservedCodeCacheSize=
# This output file may be truncated or incomplete.
#
#  Out of Memory Error (allocation.cpp:273), pid=61480, tid=0x000000000000fe48
#
# JRE version: OpenJDK Runtime Environment (8.0_76-b01) (build 1.8.0_76-release-b01)
# Java VM: OpenJDK 64-Bit Server VM (25.76-b01 mixed mode windows-amd64 compressed oops)
# Failed to write core dump. Minidumps are not enabled by default on client versions of Windows
#

---------------  T H R E A D  ---------------

Current thread (0x00000000076f3000):  JavaThread "C1 CompilerThread3" daemon [_thread_in_native, id=65096, stack(0x0000000058ab0000,0x0000000058bb0000)]

Stack: [0x0000000058ab0000,0x0000000058bb0000]
[error occurred during error reporting (printing stack bounds), id 0xc0000005]

Native frames: (J=compiled Java code, j=interpreted, Vv=VM code, C=native code)


Current CompileTask:
C1:    500  624   !   3       com.android.dx.cf.code.BytecodeArray::parseInstruction (2764 bytes)


---------------  P R O C E S S  ---------------

Java Threads: ( => current thread )
  0x0000000058d0f000 JavaThread "pool-1-thread-4" [_thread_blocked, id=40376, stack(0x0000000059d00000,0x0000000059e00000)]
  0x0000000058d0e800 JavaThread "pool-1-thread-3" [_thread_blocked, id=61984, stack(0x0000000059b40000,0x0000000059c40000)]
  0x0000000058d0d800 JavaThread "pool-1-thread-2" [_thread_blocked, id=63180, stack(0x0000000059920000,0x0000000059a20000)]
  0x0000000058d0a800 JavaThread "pool-2-thread-1" [_thread_blocked, id=64184, stack(0x00000000596a0000,0x00000000597a0000)]
  0x0000000007958800 JavaThread "pool-1-thread-1" [_thread_blocked, id=63928, stack(0x00000000594f0000,0x00000000595f0000)]
  0x0000000007764000 JavaThread "Service Thread" daemon [_thread_blocked, id=52868, stack(0x0000000058830000,0x0000000058930000)]
=>0x00000000076f3000 JavaThread "C1 CompilerThread3" daemon [_thread_in_native, id=65096, stack(0x0000000058ab0000,0x0000000058bb0000)]
  0x00000000076e2000 JavaThread "C2 CompilerThread2" daemon [_thread_blocked, id=64404, stack(0x0000000058950000,0x0000000058a50000)]
  0x00000000076bf000 JavaThread "C2 CompilerThread1" daemon [_thread_blocked, id=64592, stack(0x0000000058730000,0x0000000058830000)]
  0x00000000076a9800 JavaThread "C2 CompilerThread0" daemon [_thread_blocked, id=63052, stack(0x00000000585c0000,0x00000000586c0000)]
  0x00000000076a8800 JavaThread "Attach Listener" daemon [_thread_blocked, id=65052, stack(0x00000000584a0000,0x00000000585a0000)]
  0x00000000076b6800 JavaThread "Signal Dispatcher" daemon [_thread_blocked, id=62748, stack(0x0000000058340000,0x0000000058440000)]
  0x00000000064db000 JavaThread "Finalizer" daemon [_thread_blocked, id=60920, stack(0x00000000581e0000,0x00000000582e0000)]
  0x000000000238f800 JavaThread "Reference Handler" daemon [_thread_blocked, id=60940, stack(0x0000000057fb0000,0x00000000580b0000)]
  0x000000000240e000 JavaThread "main" [_thread_in_Java, id=63004, stack(0x0000000002460000,0x0000000002560000)]

Other Threads:
  0x000000000238c000 VMThread [stack: 0x0000000057e30000,0x0000000057f30000] [id=62468]
  0x0000000007747000 WatcherThread [stack: 0x0000000058bf0000,0x0000000058cf0000] [id=64460]

VM state:not at safepoint (normal execution)

VM Mutex/Monitor currently owned by a thread: None

Heap:
 PSYoungGen      total 75776K, used 23418K [0x00000000eab00000, 0x00000000eff80000, 0x0000000100000000)
  eden space 65024K, 36% used [0x00000000eab00000,0x00000000ec1de918,0x00000000eea80000)
  from space 10752K, 0% used [0x00000000ef500000,0x00000000ef500000,0x00000000eff80000)
  to   space 10752K, 0% used [0x00000000eea80000,0x00000000eea80000,0x00000000ef500000)
 ParOldGen       total 173568K, used 0K [0x00000000c0000000, 0x00000000ca980000, 0x00000000eab00000)
  object space 173568K, 0% used [0x00000000c0000000,0x00000000c0000000,0x00000000ca980000)
 Metaspace       used 5619K, capacity 6576K, committed 6784K, reserved 1056768K
  class space    used 579K, capacity 616K, committed 640K, reserved 1048576K

Card table byte_map: [0x00000000029f0000,0x0000000002c00000] byte_map_base: 0x00000000023f0000

Marking Bits: (ParMarkBitMap*) 0x0000000008519d00
 Begin Bits: [0x00000000038f0000, 0x00000000048f0000)
 End Bits:   [0x00000000048f0000, 0x00000000058f0000)

Polling page: 0x0000000001b90000

CodeCache: size=245760Kb used=2325Kb max_used=2340Kb free=243434Kb
 bounds [0x00000000085a0000, 0x0000000008810000, 0x00000000175a0000]
 total_blobs=888 nmethods=618 adapters=184
 compilation: enabled

Compilation events (10 events):
Event: 0.496 Thread 0x00000000076a9800 nmethod 636 0x00000000087e73d0 code [0x00000000087e7520, 0x00000000087e7628]
Event: 0.496 Thread 0x00000000076a9800  637   !   4       com.android.dx.util.FixedSizeList::<init> (36 bytes)
Event: 0.497 Thread 0x00000000076a9800 nmethod 637 0x00000000087e7090 code [0x00000000087e71e0, 0x00000000087e7318]
Event: 0.497 Thread 0x00000000076a9800  638       4       com.android.dx.rop.code.InsnList::get (9 bytes)
Event: 0.498 Thread 0x00000000076bf000  641       4       java.util.ArrayList::ensureExplicitCapacity (26 bytes)
Event: 0.498 Thread 0x00000000076a9800 nmethod 638 0x00000000087e6d50 code [0x00000000087e6ea0, 0x00000000087e6f78]
Event: 0.498 Thread 0x00000000076e2000  644       4       com.android.dx.ssa.NormalSsaInsn::getOpcode (8 bytes)
Event: 0.498 Thread 0x00000000076a9800  645       4       java.util.ArrayList::isEmpty (13 bytes)
Event: 0.499 Thread 0x00000000076a9800 nmethod 645 0x0000000008796bd0 code [0x0000000008796d00, 0x0000000008796d58]
Event: 0.499 Thread 0x00000000076e2000 nmethod 644 0x00000000087da350 code [0x00000000087da480, 0x00000000087da4f8]

GC Heap History (0 events):
No events

Deoptimization events (3 events):
Event: 0.157 Thread 0x000000000240e000 Uncommon trap: reason=unstable_if action=reinterpret pc=0x00000000086f1d44 method=java.lang.String.compareTo(Ljava/lang/String;)I @ 38
Event: 0.173 Thread 0x000000000240e000 Uncommon trap: reason=unstable_if action=reinterpret pc=0x00000000086ed788 method=java.lang.String.indexOf(II)I @ 49
Event: 0.466 Thread 0x0000000058d0f000 Uncommon trap: reason=bimorphic action=maybe_recompile pc=0x000000000879bc38 method=java.util.HashMap.getNode(ILjava/lang/Object;)Ljava/util/HashMap$Node; @ 126

Internal exceptions (2 events):
Event: 0.027 Thread 0x000000000240e000 Exception <a 'java/lang/NoSuchMethodError': Method sun.misc.Unsafe.defineClass(Ljava/lang/String;[BII)Ljava/lang/Class; name or signature does not match> (0x00000000eab07cc0) thrown at [C:\src\android\AOSP-openjdk\external\jetbrains\jdk\hotspot\src\share\vý$ô©Q2œ?
Event: 0.028 Thread 0x000000000240e000 Exception <a 'java/lang/NoSuchMethodError': Method sun.misc.Unsafe.prefetchRead(Ljava/lang/Object;J)V name or signature does not match> (0x00000000eab07fa8) thrown at [C:\src\android\AOSP-openjdk\external\jetbrains\jdk\hotspot\src\share\vm\prims\jni.cpp, l

Events (10 events):
Event: 0.365 loading class com/android/dx/ssa/PhiInsn$Operand done
Event: 0.466 Thread 0x0000000058d0f000 Uncommon trap: trap_request=0xffffffc6 fr.pc=0x000000000879bc38
Event: 0.466 Thread 0x0000000058d0f000 DEOPT PACKING pc=0x000000000879bc38 sp=0x0000000059dfe730
Event: 0.466 Thread 0x0000000058d0f000 DEOPT UNPACKING pc=0x00000000085e556a sp=0x0000000059dfe6a0 mode 2
Event: 0.475 loading class com/android/dx/cf/code/BytecodeArray$ConstantParserVisitor
Event: 0.475 loading class com/android/dx/cf/code/BytecodeArray$ConstantParserVisitor done
Event: 0.489 loading class com/android/dx/ssa/back/FirstFitLocalCombiningAllocator$Multiset
Event: 0.489 loading class com/android/dx/ssa/back/FirstFitLocalCombiningAllocator$Multiset done
Event: 0.493 loading class java/util/ArrayList$1
Event: 0.493 loading class java/util/ArrayList$1 done


Dynamic libraries:
0x000000013fd90000 - 0x000000013fdc5000 	D:\android-studio 2.2\jre\bin\java.exe
0x0000000077300000 - 0x00000000774a9000 	C:\Windows\SYSTEM32\ntdll.dll
0x00000000770e0000 - 0x00000000771ff000 	C:\Windows\system32\kernel32.dll
0x000007fefd360000 - 0x000007fefd3cc000 	C:\Windows\system32\KERNELBASE.dll
0x000007fefd470000 - 0x000007fefd54b000 	C:\Windows\system32\ADVAPI32.dll
0x000007feff060000 - 0x000007feff0ff000 	C:\Windows\system32\msvcrt.dll
0x000007feff570000 - 0x000007feff58f000 	C:\Windows\SYSTEM32\sechost.dll
0x000007feff260000 - 0x000007feff38d000 	C:\Windows\system32\RPCRT4.dll
0x0000000077200000 - 0x00000000772fa000 	C:\Windows\system32\USER32.dll
0x000007feff1f0000 - 0x000007feff257000 	C:\Windows\system32\GDI32.dll
0x000007fefdc30000 - 0x000007fefdc3e000 	C:\Windows\system32\LPK.dll
0x000007feff4a0000 - 0x000007feff569000 	C:\Windows\system32\USP10.dll
0x000007fefb700000 - 0x000007fefb8f4000 	C:\Windows\WinSxS\amd64_microsoft.windows.common-controls_6595b64144ccf1df_6.0.7601.18837_none_fa3b1e3d17594757\COMCTL32.dll
0x000007fefd550000 - 0x000007fefd5c1000 	C:\Windows\system32\SHLWAPI.dll
0x000007fefd630000 - 0x000007fefd65e000 	C:\Windows\system32\IMM32.DLL
0x000007feff390000 - 0x000007feff499000 	C:\Windows\system32\MSCTF.dll
0x0000000079130000 - 0x0000000079202000 	D:\android-studio 2.2\jre\jre\bin\msvcr100.dll
0x0000000007d60000 - 0x0000000008594000 	D:\android-studio 2.2\jre\jre\bin\server\jvm.dll
0x000007fef93d0000 - 0x000007fef93d9000 	C:\Windows\system32\WSOCK32.dll
0x000007feff1a0000 - 0x000007feff1ed000 	C:\Windows\system32\WS2_32.dll
0x000007fefda10000 - 0x000007fefda18000 	C:\Windows\system32\NSI.dll
0x000007fefaba0000 - 0x000007fefabdb000 	C:\Windows\system32\WINMM.dll
0x000007fefc1a0000 - 0x000007fefc1ac000 	C:\Windows\system32\VERSION.dll
0x00000000774d0000 - 0x00000000774d7000 	C:\Windows\system32\PSAPI.DLL
0x000007fefa000000 - 0x000007fefa00f000 	D:\android-studio 2.2\jre\jre\bin\verify.dll
0x000007feec110000 - 0x000007feec139000 	D:\android-studio 2.2\jre\jre\bin\java.dll
0x000007fef7cc0000 - 0x000007fef7cd6000 	D:\android-studio 2.2\jre\jre\bin\zip.dll
0x000007fefe230000 - 0x000007fefefb9000 	C:\Windows\system32\SHELL32.dll
0x000007fefda20000 - 0x000007fefdc23000 	C:\Windows\system32\ole32.dll
0x000007fefd0b0000 - 0x000007fefd0bf000 	C:\Windows\system32\profapi.dll

VM Arguments:
jvm_args: -Djava.awt.headless=true -Xmx1024M -Dfile.encoding=GBK -Duser.country=CN -Duser.language=zh -Duser.variant 
java_command: com.android.dx.command.Main --dex --num-threads=4 --output F:\github_project\UCTopic\app\build\intermediates\pre-dexed\debug\com.android.support-appcompat-v7-24.0.0-beta1_5c624b5e1de4a8bd2c54f53cfcece3a6d188fd51.jar F:\github_project\UCTopic\app\build\intermediates\exploded-aar\com.android.support\appcompat-v7\24.0.0-beta1\jars\classes.jar
java_class_path (initial): D:\Android\sdk\build-tools\24.0.0-preview\lib\dx.jar
Launcher Type: SUN_STANDARD

Environment Variables:
JAVA_HOME=C:\Program Files\Java\jdk1.8.0_77
CLASSPATH=.;C:\Program Files\Java\jdk1.8.0_77\lib\dt.jar;C:\Program Files\Java\jdk1.8.0_77\lib\tools.jar;
PATH=C:\ProgramData\Oracle\Java\javapath;C:\Windows\system32;C:\Windows;C:\Windows\System32\Wbem;C:\Windows\System32\WindowsPowerShell\v1.0\;C:\Program Files\Java\jdk1.8.0_77\bin;D:\Android\sdk\platform-tools;D:\android-tools\apktool;C:\Python27;D:\android-tools\jadx\jadx-0.6.1-dev-build226\bin;C:\Program Files\Git\cmd;C:\Program Files\nodejs\;C:\Go\bin;C:\Python27\Scripts;C:\Users\Administrator\AppData\Roaming\npm
USERNAME=Administrator
OS=Windows_NT
PROCESSOR_IDENTIFIER=Intel64 Family 6 Model 60 Stepping 3, GenuineIntel



---------------  S Y S T E M  ---------------

OS: Windows 7 , 64 bit Build 7601 (6.1.7601.18939)

CPU:total 8 (4 cores per cpu, 2 threads per core) family 6 model 60 stepping 3, cmov, cx8, fxsr, mmx, sse, sse2, sse3, ssse3, sse4.1, sse4.2, popcnt, avx, avx2, aes, clmul, erms, rtm, lzcnt, ht, tsc, tscinvbit, bmi1, bmi2

Memory: 4k page, physical 16638836k(686472k free), swap 25029700k(5112k free)

vm_info: OpenJDK 64-Bit Server VM (25.76-b01) for windows-amd64 JRE (1.8.0_76-release-b01), built on May 12 2016 23:29:00 by "ralucas" with MS VC++ 10.0 (VS2010)

time: Fri Jun 03 18:40:43 2016
elapsed time: 0 seconds (0d 0h 0m 0s)

