#
# There is insufficient memory for the Java Runtime Environment to continue.
# Native memory allocation (malloc) failed to allocate 32744 bytes for ChunkPool::allocate
# Possible reasons:
#   The system is out of physical RAM or swap space
#   In 32 bit mode, the process size limit was hit
# Possible solutions:
#   Reduce memory load on the system
#   Increase physical memory or swap space
#   Check if swap backing store is full
#   Use 64 bit Java on a 64 bit OS
#   Decrease Java heap size (-Xmx/-Xms)
#   Decrease number of Java threads
#   Decrease Java thread stack sizes (-Xss)
#   Set larger code cache with -XX:ReservedCodeCacheSize=
# This output file may be truncated or incomplete.
#
#  Out of Memory Error (allocation.cpp:273), pid=64056, tid=0x000000000000edf8
#
# JRE version: OpenJDK Runtime Environment (8.0_76-b01) (build 1.8.0_76-release-b01)
# Java VM: OpenJDK 64-Bit Server VM (25.76-b01 mixed mode windows-amd64 compressed oops)
# Failed to write core dump. Minidumps are not enabled by default on client versions of Windows
#

---------------  T H R E A D  ---------------

Current thread (0x0000000007692000):  JavaThread "C2 CompilerThread2" daemon [_thread_in_native, id=60920, stack(0x0000000058920000,0x0000000058a20000)]

Stack: [0x0000000058920000,0x0000000058a20000]
[error occurred during error reporting (printing stack bounds), id 0xc0000005]

Native frames: (J=compiled Java code, j=interpreted, Vv=VM code, C=native code)


Current CompileTask:
C2:    746  647       4       com.android.dx.ssa.SsaBasicBlock::forEachInsn (37 bytes)


---------------  P R O C E S S  ---------------

Java Threads: ( => current thread )
  0x0000000007847000 JavaThread "pool-1-thread-4" [_thread_blocked, id=54384, stack(0x0000000059380000,0x0000000059480000)]
  0x0000000007846800 JavaThread "pool-1-thread-3" [_thread_blocked, id=62588, stack(0x0000000058fb0000,0x00000000590b0000)]
  0x0000000007845800 JavaThread "pool-1-thread-2" [_thread_in_vm, id=65324, stack(0x00000000590e0000,0x00000000591e0000)]
  0x0000000007845000 JavaThread "pool-2-thread-1" [_thread_blocked, id=33956, stack(0x0000000058ea0000,0x0000000058fa0000)]
  0x0000000007843000 JavaThread "pool-1-thread-1" [_thread_blocked, id=61828, stack(0x0000000058ab0000,0x0000000058bb0000)]
  0x0000000007714800 JavaThread "Service Thread" daemon [_thread_blocked, id=63112, stack(0x0000000058be0000,0x0000000058ce0000)]
  0x00000000076ab000 JavaThread "C1 CompilerThread3" daemon [_thread_in_native, id=64140, stack(0x0000000058570000,0x0000000058670000)]
=>0x0000000007692000 JavaThread "C2 CompilerThread2" daemon [_thread_in_native, id=60920, stack(0x0000000058920000,0x0000000058a20000)]
  0x0000000007687000 JavaThread "C2 CompilerThread1" daemon [_thread_in_native, id=64596, stack(0x00000000587f0000,0x00000000588f0000)]
  0x0000000007669800 JavaThread "C2 CompilerThread0" daemon [_thread_in_native, id=64196, stack(0x0000000058690000,0x0000000058790000)]
  0x0000000007668800 JavaThread "Attach Listener" daemon [_thread_blocked, id=63872, stack(0x00000000580f0000,0x00000000581f0000)]
  0x0000000007676800 JavaThread "Signal Dispatcher" daemon [_thread_blocked, id=63340, stack(0x00000000583f0000,0x00000000584f0000)]
  0x00000000065ab000 JavaThread "Finalizer" daemon [_thread_blocked, id=63460, stack(0x0000000058220000,0x0000000058320000)]
  0x000000000244f800 JavaThread "Reference Handler" daemon [_thread_blocked, id=61664, stack(0x0000000057fa0000,0x00000000580a0000)]
  0x0000000001d7e000 JavaThread "main" [_thread_blocked, id=62316, stack(0x00000000026d0000,0x00000000027d0000)]

Other Threads:
  0x000000000244c000 VMThread [stack: 0x0000000057e80000,0x0000000057f80000] [id=61604]
  0x00000000076f7800 WatcherThread [stack: 0x0000000058d00000,0x0000000058e00000] [id=62924]

VM state:not at safepoint (normal execution)

VM Mutex/Monitor currently owned by a thread:  ([mutex/lock_event])
[0x0000000001d7cc00] MethodData_lock - owner thread: 0x0000000007845800

Heap:
 PSYoungGen      total 75776K, used 19512K [0x00000000eab00000, 0x00000000eff80000, 0x0000000100000000)
  eden space 65024K, 30% used [0x00000000eab00000,0x00000000ebe0e110,0x00000000eea80000)
  from space 10752K, 0% used [0x00000000ef500000,0x00000000ef500000,0x00000000eff80000)
  to   space 10752K, 0% used [0x00000000eea80000,0x00000000eea80000,0x00000000ef500000)
 ParOldGen       total 173568K, used 0K [0x00000000c0000000, 0x00000000ca980000, 0x00000000eab00000)
  object space 173568K, 0% used [0x00000000c0000000,0x00000000c0000000,0x00000000ca980000)
 Metaspace       used 5696K, capacity 6704K, committed 6784K, reserved 1056768K
  class space    used 576K, capacity 616K, committed 640K, reserved 1048576K

Card table byte_map: [0x0000000002b90000,0x0000000002da0000] byte_map_base: 0x0000000002590000

Marking Bits: (ParMarkBitMap*) 0x0000000008519d00
 Begin Bits: [0x00000000039c0000, 0x00000000049c0000)
 End Bits:   [0x00000000049c0000, 0x00000000059c0000)

Polling page: 0x0000000000460000

CodeCache: size=245760Kb used=2421Kb max_used=2433Kb free=243338Kb
 bounds [0x00000000085a0000, 0x0000000008810000, 0x00000000175a0000]
 total_blobs=927 nmethods=657 adapters=184
 compilation: enabled

Compilation events (10 events):
Event: 0.728 Thread 0x00000000076ab000 nmethod 661 0x00000000087fc890 code [0x00000000087fcb00, 0x00000000087fd6e8]
Event: 0.728 Thread 0x00000000076ab000  677       3       com.android.dx.ssa.back.RegisterAllocator::getDefinitionSpecForSsaReg (22 bytes)
Event: 0.728 Thread 0x00000000076ab000 nmethod 677 0x00000000087f71d0 code [0x00000000087f7340, 0x00000000087f7648]
Event: 0.728 Thread 0x00000000076ab000  649       3       com.android.dx.ssa.Optimizer::getPreserveLocals (4 bytes)
Event: 0.728 Thread 0x00000000076ab000 nmethod 649 0x00000000087f6ed0 code [0x00000000087f7020, 0x00000000087f7170]
Event: 0.728 Thread 0x00000000076ab000  634       3       com.android.dx.ssa.SCCP::simulateStmt (481 bytes)
Event: 0.728 Thread 0x0000000007669800 nmethod 683 0x0000000008801110 code [0x0000000008801280, 0x00000000088017f8]
Event: 0.728 Thread 0x0000000007669800  653       4       com.android.dx.rop.code.RegisterSpecList::get (9 bytes)
Event: 0.729 Thread 0x0000000007669800 nmethod 653 0x00000000087fe110 code [0x00000000087fe260, 0x00000000087fe318]
Event: 0.729 Thread 0x0000000007669800  684   !   4       com.android.dx.rop.code.RegisterSpec::intern (70 bytes)

GC Heap History (0 events):
No events

Deoptimization events (1 events):
Event: 0.255 Thread 0x0000000001d7e000 Uncommon trap: reason=unstable_if action=reinterpret pc=0x00000000086e78c0 method=java.lang.String.indexOf(II)I @ 49

Internal exceptions (2 events):
Event: 0.033 Thread 0x0000000001d7e000 Exception <a 'java/lang/NoSuchMethodError': Method sun.misc.Unsafe.defineClass(Ljava/lang/String;[BII)Ljava/lang/Class; name or signature does not match> (0x00000000eab07cc0) thrown at [C:\src\android\AOSP-openjdk\external\jetbrains\jdk\hotspot\src\share\v»ê%©°?
Event: 0.033 Thread 0x0000000001d7e000 Exception <a 'java/lang/NoSuchMethodError': Method sun.misc.Unsafe.prefetchRead(Ljava/lang/Object;J)V name or signature does not match> (0x00000000eab07fa8) thrown at [C:\src\android\AOSP-openjdk\external\jetbrains\jdk\hotspot\src\share\vm\prims\jni.cpp, l

Events (10 events):
Event: 0.548 loading class com/android/dx/cf/code/BytecodeArray$ConstantParserVisitor
Event: 0.548 loading class com/android/dx/cf/code/BytecodeArray$ConstantParserVisitor done
Event: 0.552 loading class com/android/dx/ssa/back/FirstFitLocalCombiningAllocator$Multiset
Event: 0.552 loading class com/android/dx/ssa/back/FirstFitLocalCombiningAllocator$Multiset done
Event: 0.575 loading class java/util/TreeMap$EntrySet
Event: 0.576 loading class java/util/TreeMap$EntrySet done
Event: 0.576 loading class java/util/TreeMap$EntryIterator
Event: 0.576 loading class java/util/TreeMap$EntryIterator done
Event: 0.715 loading class java/util/ArrayList$1
Event: 0.715 loading class java/util/ArrayList$1 done


Dynamic libraries:
0x000000013fd90000 - 0x000000013fdc5000 	D:\android-studio 2.2\jre\bin\java.exe
0x0000000077300000 - 0x00000000774a9000 	C:\Windows\SYSTEM32\ntdll.dll
0x00000000770e0000 - 0x00000000771ff000 	C:\Windows\system32\kernel32.dll
0x000007fefd360000 - 0x000007fefd3cc000 	C:\Windows\system32\KERNELBASE.dll
0x000007fefd470000 - 0x000007fefd54b000 	C:\Windows\system32\ADVAPI32.dll
0x000007feff060000 - 0x000007feff0ff000 	C:\Windows\system32\msvcrt.dll
0x000007feff570000 - 0x000007feff58f000 	C:\Windows\SYSTEM32\sechost.dll
0x000007feff260000 - 0x000007feff38d000 	C:\Windows\system32\RPCRT4.dll
0x0000000077200000 - 0x00000000772fa000 	C:\Windows\system32\USER32.dll
0x000007feff1f0000 - 0x000007feff257000 	C:\Windows\system32\GDI32.dll
0x000007fefdc30000 - 0x000007fefdc3e000 	C:\Windows\system32\LPK.dll
0x000007feff4a0000 - 0x000007feff569000 	C:\Windows\system32\USP10.dll
0x000007fefb700000 - 0x000007fefb8f4000 	C:\Windows\WinSxS\amd64_microsoft.windows.common-controls_6595b64144ccf1df_6.0.7601.18837_none_fa3b1e3d17594757\COMCTL32.dll
0x000007fefd550000 - 0x000007fefd5c1000 	C:\Windows\system32\SHLWAPI.dll
0x000007fefd630000 - 0x000007fefd65e000 	C:\Windows\system32\IMM32.DLL
0x000007feff390000 - 0x000007feff499000 	C:\Windows\system32\MSCTF.dll
0x0000000079130000 - 0x0000000079202000 	D:\android-studio 2.2\jre\jre\bin\msvcr100.dll
0x0000000007d60000 - 0x0000000008594000 	D:\android-studio 2.2\jre\jre\bin\server\jvm.dll
0x000007fef93d0000 - 0x000007fef93d9000 	C:\Windows\system32\WSOCK32.dll
0x000007feff1a0000 - 0x000007feff1ed000 	C:\Windows\system32\WS2_32.dll
0x000007fefda10000 - 0x000007fefda18000 	C:\Windows\system32\NSI.dll
0x000007fefaba0000 - 0x000007fefabdb000 	C:\Windows\system32\WINMM.dll
0x000007fefc1a0000 - 0x000007fefc1ac000 	C:\Windows\system32\VERSION.dll
0x00000000774d0000 - 0x00000000774d7000 	C:\Windows\system32\PSAPI.DLL
0x000007fefa000000 - 0x000007fefa00f000 	D:\android-studio 2.2\jre\jre\bin\verify.dll
0x000007feec110000 - 0x000007feec139000 	D:\android-studio 2.2\jre\jre\bin\java.dll
0x000007fef7cc0000 - 0x000007fef7cd6000 	D:\android-studio 2.2\jre\jre\bin\zip.dll
0x000007fefe230000 - 0x000007fefefb9000 	C:\Windows\system32\SHELL32.dll
0x000007fefda20000 - 0x000007fefdc23000 	C:\Windows\system32\ole32.dll
0x000007fefd0b0000 - 0x000007fefd0bf000 	C:\Windows\system32\profapi.dll

VM Arguments:
jvm_args: -Djava.awt.headless=true -Xmx1024M -Dfile.encoding=GBK -Duser.country=CN -Duser.language=zh -Duser.variant 
java_command: com.android.dx.command.Main --dex --num-threads=4 --output F:\github_project\UCTopic\app\build\intermediates\pre-dexed\debug\okio-1.6.0_c410569bd3ae660f2a7eceb3af69efc833b46b70.jar C:\Users\Administrator\.gradle\caches\modules-2\files-2.1\com.squareup.okio\okio\1.6.0\98476622f10715998eacf9240d6b479f12c66143\okio-1.6.0.jar
java_class_path (initial): D:\Android\sdk\build-tools\24.0.0-preview\lib\dx.jar
Launcher Type: SUN_STANDARD

Environment Variables:
JAVA_HOME=C:\Program Files\Java\jdk1.8.0_77
CLASSPATH=.;C:\Program Files\Java\jdk1.8.0_77\lib\dt.jar;C:\Program Files\Java\jdk1.8.0_77\lib\tools.jar;
PATH=C:\ProgramData\Oracle\Java\javapath;C:\Windows\system32;C:\Windows;C:\Windows\System32\Wbem;C:\Windows\System32\WindowsPowerShell\v1.0\;C:\Program Files\Java\jdk1.8.0_77\bin;D:\Android\sdk\platform-tools;D:\android-tools\apktool;C:\Python27;D:\android-tools\jadx\jadx-0.6.1-dev-build226\bin;C:\Program Files\Git\cmd;C:\Program Files\nodejs\;C:\Go\bin;C:\Python27\Scripts;C:\Users\Administrator\AppData\Roaming\npm
USERNAME=Administrator
OS=Windows_NT
PROCESSOR_IDENTIFIER=Intel64 Family 6 Model 60 Stepping 3, GenuineIntel



---------------  S Y S T E M  ---------------

OS: Windows 7 , 64 bit Build 7601 (6.1.7601.18939)

CPU:total 8 (4 cores per cpu, 2 threads per core) family 6 model 60 stepping 3, cmov, cx8, fxsr, mmx, sse, sse2, sse3, ssse3, sse4.1, sse4.2, popcnt, avx, avx2, aes, clmul, erms, rtm, lzcnt, ht, tsc, tscinvbit, bmi1, bmi2

Memory: 4k page, physical 16638836k(680996k free), swap 25029700k(5280k free)

vm_info: OpenJDK 64-Bit Server VM (25.76-b01) for windows-amd64 JRE (1.8.0_76-release-b01), built on May 12 2016 23:29:00 by "ralucas" with MS VC++ 10.0 (VS2010)

time: Fri Jun 03 18:40:41 2016
elapsed time: 0 seconds (0d 0h 0m 0s)

